Using pre-set license
Built from '2020.3/staging' branch; Version is '2020.3.32f1 (12f8b0834f07) revision 1243312'; Using compiler version '192528614'; Build Type 'Release'
OS: 'Windows 11  (10.0.22000) 64bit Core' Language: 'en' Physical Memory: 32605 MB
BatchMode: 1, IsHumanControllingUs: 0, StartBugReporterOnCrash: 0, Is64bit: 1, IsPro: 0

COMMAND LINE ARGUMENTS:
C:\Users\yuepr\OneDrive\Desktop\Work\2020.3.32f1\Editor\Unity.exe
-adb2
-batchMode
-noUpm
-name
AssetImportWorker0
-projectPath
C:/Users/yuepr/OneDrive/Desktop/Project/AddressableTest/SubA
-logFile
Logs/AssetImportWorker0.log
-srvPort
52061
Successfully changed project path to: C:/Users/yuepr/OneDrive/Desktop/Project/AddressableTest/SubA
C:/Users/yuepr/OneDrive/Desktop/Project/AddressableTest/SubA
Using Asset Import Pipeline V2.
Refreshing native plugins compatible for Editor in 46.93 ms, found 2 plugins.
Preloading 0 native plugins for Editor in 0.00 ms.
Initialize engine version: 2020.3.32f1 (12f8b0834f07)
[Subsystems] Discovering subsystems at path C:/Users/yuepr/OneDrive/Desktop/Work/2020.3.32f1/Editor/Data/Resources/UnitySubsystems
[Subsystems] Discovering subsystems at path C:/Users/yuepr/OneDrive/Desktop/Project/AddressableTest/SubA/Assets
GfxDevice: creating device client; threaded=0
Direct3D:
    Version:  Direct3D 11.0 [level 11.1]
    Renderer: NVIDIA GeForce RTX 3070 (ID=0x2488)
    Vendor:   
    VRAM:     8043 MB
    Driver:   30.0.14.9613
Initialize mono
Mono path[0] = 'C:/Users/yuepr/OneDrive/Desktop/Work/2020.3.32f1/Editor/Data/Managed'
Mono path[1] = 'C:/Users/yuepr/OneDrive/Desktop/Work/2020.3.32f1/Editor/Data/MonoBleedingEdge/lib/mono/unityjit'
Mono config path = 'C:/Users/yuepr/OneDrive/Desktop/Work/2020.3.32f1/Editor/Data/MonoBleedingEdge/etc'
Using monoOptions --debugger-agent=transport=dt_socket,embedding=1,server=y,suspend=n,address=127.0.0.1:56624
Begin MonoManager ReloadAssembly
Registering precompiled unity dll's ...
Register platform support module: C:/Users/yuepr/OneDrive/Desktop/Work/2020.3.32f1/Editor/Data/PlaybackEngines/WebGLSupport/UnityEditor.WebGL.Extensions.dll
Register platform support module: C:/Users/yuepr/OneDrive/Desktop/Work/2020.3.32f1/Editor/Data/PlaybackEngines/MacStandaloneSupport/UnityEditor.OSXStandalone.Extensions.dll
Register platform support module: C:/Users/yuepr/OneDrive/Desktop/Work/2020.3.32f1/Editor/Data/PlaybackEngines/WindowsStandaloneSupport/UnityEditor.WindowsStandalone.Extensions.dll
Register platform support module: C:/Users/yuepr/OneDrive/Desktop/Work/2020.3.32f1/Editor/Data/PlaybackEngines/LinuxStandaloneSupport/UnityEditor.LinuxStandalone.Extensions.dll
Registered in 0.002002 seconds.
Native extension for LinuxStandalone target not found
Native extension for WindowsStandalone target not found
Native extension for OSXStandalone target not found
Native extension for WebGL target not found
Refreshing native plugins compatible for Editor in 51.77 ms, found 2 plugins.
Preloading 0 native plugins for Editor in 0.00 ms.
Mono: successfully reloaded assembly
- Completed reload, in  0.465 seconds
Domain Reload Profiling:
	ReloadAssembly (466ms)
		BeginReloadAssembly (41ms)
			ExecutionOrderSort (0ms)
			DisableScriptedObjects (0ms)
			BackupInstance (0ms)
			ReleaseScriptingObjects (0ms)
			CreateAndSetChildDomain (1ms)
		EndReloadAssembly (367ms)
			LoadAssemblies (40ms)
			RebuildTransferFunctionScriptingTraits (0ms)
			SetupTypeCache (117ms)
			ReleaseScriptCaches (0ms)
			RebuildScriptCaches (23ms)
			SetupLoadedEditorAssemblies (151ms)
				LogAssemblyErrors (0ms)
				InitializePlatformSupportModulesInManaged (6ms)
				SetLoadedEditorAssemblies (0ms)
				RefreshPlugins (52ms)
				BeforeProcessingInitializeOnLoad (9ms)
				ProcessInitializeOnLoadAttributes (64ms)
				ProcessInitializeOnLoadMethodAttributes (19ms)
				AfterProcessingInitializeOnLoad (0ms)
				EditorAssembliesLoaded (0ms)
			ExecutionOrderSort2 (0ms)
			AwakeInstancesAfterBackupRestoration (0ms)
Platform modules already initialized, skipping
Registering precompiled user dll's ...
Registered in 0.003902 seconds.
Begin MonoManager ReloadAssembly
Native extension for LinuxStandalone target not found
Native extension for WindowsStandalone target not found
Native extension for OSXStandalone target not found
Native extension for WebGL target not found
Refreshing native plugins compatible for Editor in 48.93 ms, found 2 plugins.
Preloading 0 native plugins for Editor in 0.00 ms.
System.ArgumentNullException: Value cannot be null.
Parameter name: path
  at System.IO.Directory.GetFiles (System.String path, System.String searchPattern) [0x00003] in <695d1cc93cca45069c528c15c9fdd749>:0 
  at Coffee.CSharpCompilerSettings.Core.FindAsmdef (System.String path) [0x00070] in <64ac538fcfe94cc8acaaea1c65f42fdf>:0 
  at Coffee.CSharpCompilerSettings.Core..cctor () [0x00070] in <64ac538fcfe94cc8acaaea1c65f42fdf>:0 
UnityEngine.StackTraceUtility:ExtractStackTrace ()
UnityEngine.DebugLogHandler:LogFormat (UnityEngine.LogType,UnityEngine.Object,string,object[])
UnityEngine.Logger:Log (UnityEngine.LogType,object)
UnityEngine.Debug:LogError (object)
UnityEditor.EditorAssemblies:ProcessInitializeOnLoadAttributes (System.Type[])

Mono: successfully reloaded assembly
- Completed reload, in  0.920 seconds
Domain Reload Profiling:
	ReloadAssembly (921ms)
		BeginReloadAssembly (97ms)
			ExecutionOrderSort (0ms)
			DisableScriptedObjects (3ms)
			BackupInstance (0ms)
			ReleaseScriptingObjects (0ms)
			CreateAndSetChildDomain (13ms)
		EndReloadAssembly (782ms)
			LoadAssemblies (69ms)
			RebuildTransferFunctionScriptingTraits (0ms)
			SetupTypeCache (224ms)
			ReleaseScriptCaches (0ms)
			RebuildScriptCaches (42ms)
			SetupLoadedEditorAssemblies (356ms)
				LogAssemblyErrors (0ms)
				InitializePlatformSupportModulesInManaged (4ms)
				SetLoadedEditorAssemblies (0ms)
				RefreshPlugins (49ms)
				BeforeProcessingInitializeOnLoad (70ms)
				ProcessInitializeOnLoadAttributes (214ms)
				ProcessInitializeOnLoadMethodAttributes (14ms)
				AfterProcessingInitializeOnLoad (4ms)
				EditorAssembliesLoaded (0ms)
			ExecutionOrderSort2 (0ms)
			AwakeInstancesAfterBackupRestoration (4ms)
Platform modules already initialized, skipping
========================================================================
Worker process is ready to serve import requests
Launched and connected shader compiler UnityShaderCompiler.exe after 0.04 seconds
Refreshing native plugins compatible for Editor in 0.40 ms, found 2 plugins.
Preloading 0 native plugins for Editor in 0.00 ms.
Unloading 3447 Unused Serialized files (Serialized files now loaded: 0)
System memory in use before: 150.3 MB.
System memory in use after: 150.5 MB.

Unloading 21 unused Assets to reduce memory usage. Loaded Objects now: 3884.
Total: 2.493400 ms (FindLiveObjects: 0.143500 ms CreateObjectMapping: 0.072300 ms MarkObjects: 2.222500 ms  DeleteObjects: 0.054300 ms)

AssetImportParameters requested are different than current active one (requested -> active):
  custom:framework-win-MediaFoundation: 216162199b28c13a410421893ffa2e32 -> 
  custom:video-decoder-ogg-theora: a1e56fd34408186e4bbccfd4996cb3dc -> 
  custom:container-muxer-webm: aa71ff27fc2769a1b78a27578f13a17b -> 
  custom:container-demuxer-webm: 4f35f7cbe854078d1ac9338744f61a02 -> 
  custom:container-demuxer-ogg: 62fdf1f143b41e24485cea50d1cbac27 -> 
  custom:video-encoder-webm-vp8: eb34c28f22e8b96e1ab97ce403110664 -> 
  custom:video-decoder-webm-vp8: 9c59270c3fd7afecdb556c50c9e8de78 -> 
  custom:audio-decoder-ogg-vorbis: bf7c407c2cedff20999df2af8eb42d56 -> 
  custom:audio-encoder-webm-vorbis: bf7c407c2cedff20999df2af8eb42d56 -> 
========================================================================
Received Import Request.
  path: Packages/com.luckyvr.custom_subpackage_a/Runtime/TestScriptC.cs
  artifactKey: Guid(8fdbf4b044afe6f4abee7ef55c0bfe24) Importer(815301076,1909f56bfc062723c751e8b465ee728b)
Start importing Packages/com.luckyvr.custom_subpackage_a/Runtime/TestScriptC.cs using Guid(8fdbf4b044afe6f4abee7ef55c0bfe24) Importer(815301076,1909f56bfc062723c751e8b465ee728b)  -> (artifact id: '5d94ca06ebb09551ce2d750d627d00a5') in 0.024427 seconds 
========================================================================
Received Import Request.
  Time since last request: 60.387251 seconds.
  path: Packages/com.luckyvr.custom_subpackage_a/Runtime/com.luckyvr.custom_subpackage_a.Runtime.asmdef
  artifactKey: Guid(0c627870ad6ee464d9ccd4ffc327b790) Importer(815301076,1909f56bfc062723c751e8b465ee728b)
Start importing Packages/com.luckyvr.custom_subpackage_a/Runtime/com.luckyvr.custom_subpackage_a.Runtime.asmdef using Guid(0c627870ad6ee464d9ccd4ffc327b790) Importer(815301076,1909f56bfc062723c751e8b465ee728b)  -> (artifact id: '6f41a6aaf422ff517ec6c5bc6fa5820e') in 0.005955 seconds 
========================================================================
Received Prepare
Registering precompiled user dll's ...
Registered in 0.003430 seconds.
Begin MonoManager ReloadAssembly
Native extension for LinuxStandalone target not found
Native extension for WindowsStandalone target not found
Native extension for OSXStandalone target not found
Native extension for WebGL target not found
Refreshing native plugins compatible for Editor in 0.44 ms, found 2 plugins.
Preloading 0 native plugins for Editor in 0.00 ms.
System.ArgumentNullException: Value cannot be null.
Parameter name: path
  at System.IO.Directory.GetFiles (System.String path, System.String searchPattern) [0x00003] in <695d1cc93cca45069c528c15c9fdd749>:0 
  at Coffee.CSharpCompilerSettings.Core.FindAsmdef (System.String path) [0x00070] in <64ac538fcfe94cc8acaaea1c65f42fdf>:0 
  at Coffee.CSharpCompilerSettings.Core..cctor () [0x00070] in <64ac538fcfe94cc8acaaea1c65f42fdf>:0 
UnityEngine.StackTraceUtility:ExtractStackTrace ()
UnityEngine.DebugLogHandler:LogFormat (UnityEngine.LogType,UnityEngine.Object,string,object[])
UnityEngine.Logger:Log (UnityEngine.LogType,object)
UnityEngine.Debug:LogError (object)
UnityEditor.EditorAssemblies:ProcessInitializeOnLoadAttributes (System.Type[])

Mono: successfully reloaded assembly
- Completed reload, in  0.879 seconds
Domain Reload Profiling:
	ReloadAssembly (879ms)
		BeginReloadAssembly (97ms)
			ExecutionOrderSort (0ms)
			DisableScriptedObjects (3ms)
			BackupInstance (0ms)
			ReleaseScriptingObjects (0ms)
			CreateAndSetChildDomain (31ms)
		EndReloadAssembly (737ms)
			LoadAssemblies (75ms)
			RebuildTransferFunctionScriptingTraits (0ms)
			SetupTypeCache (255ms)
			ReleaseScriptCaches (1ms)
			RebuildScriptCaches (40ms)
			SetupLoadedEditorAssemblies (246ms)
				LogAssemblyErrors (0ms)
				InitializePlatformSupportModulesInManaged (5ms)
				SetLoadedEditorAssemblies (0ms)
				RefreshPlugins (0ms)
				BeforeProcessingInitializeOnLoad (76ms)
				ProcessInitializeOnLoadAttributes (146ms)
				ProcessInitializeOnLoadMethodAttributes (13ms)
				AfterProcessingInitializeOnLoad (4ms)
				EditorAssembliesLoaded (0ms)
			ExecutionOrderSort2 (0ms)
			AwakeInstancesAfterBackupRestoration (32ms)
Platform modules already initialized, skipping
Refreshing native plugins compatible for Editor in 0.40 ms, found 2 plugins.
Preloading 0 native plugins for Editor in 0.00 ms.
Unloading 3310 Unused Serialized files (Serialized files now loaded: 0)
System memory in use before: 142.7 MB.
System memory in use after: 143.0 MB.

Unloading 16 unused Assets to reduce memory usage. Loaded Objects now: 3887.
Total: 2.396300 ms (FindLiveObjects: 0.142600 ms CreateObjectMapping: 0.073100 ms MarkObjects: 2.161200 ms  DeleteObjects: 0.018700 ms)

AssetImportParameters requested are different than current active one (requested -> active):
  custom:framework-win-MediaFoundation: 216162199b28c13a410421893ffa2e32 -> 
  custom:video-decoder-ogg-theora: a1e56fd34408186e4bbccfd4996cb3dc -> 
  custom:container-muxer-webm: aa71ff27fc2769a1b78a27578f13a17b -> 
  custom:container-demuxer-webm: 4f35f7cbe854078d1ac9338744f61a02 -> 
  custom:container-demuxer-ogg: 62fdf1f143b41e24485cea50d1cbac27 -> 
  custom:video-encoder-webm-vp8: eb34c28f22e8b96e1ab97ce403110664 -> 
  custom:video-decoder-webm-vp8: 9c59270c3fd7afecdb556c50c9e8de78 -> 
  custom:audio-decoder-ogg-vorbis: bf7c407c2cedff20999df2af8eb42d56 -> 
  custom:audio-encoder-webm-vorbis: bf7c407c2cedff20999df2af8eb42d56 -> 
========================================================================
Received Import Request.
  Time since last request: 112.705213 seconds.
  path: Assets/_TestAsset/TesObject3.prefab
  artifactKey: Guid(9fdb162ccb08d6347b860f5ca102f6fc) Importer(815301076,1909f56bfc062723c751e8b465ee728b)
Start importing Assets/_TestAsset/TesObject3.prefab using Guid(9fdb162ccb08d6347b860f5ca102f6fc) Importer(815301076,1909f56bfc062723c751e8b465ee728b)  -> (artifact id: 'a9a7dc8b546693382ca8c6018a97985f') in 0.150714 seconds 
========================================================================
Received Prepare
Registering precompiled user dll's ...
Registered in 0.003346 seconds.
Begin MonoManager ReloadAssembly
Native extension for LinuxStandalone target not found
Native extension for WindowsStandalone target not found
Native extension for OSXStandalone target not found
Native extension for WebGL target not found
Refreshing native plugins compatible for Editor in 0.45 ms, found 2 plugins.
Preloading 0 native plugins for Editor in 0.00 ms.
System.ArgumentNullException: Value cannot be null.
Parameter name: path
  at System.IO.Directory.GetFiles (System.String path, System.String searchPattern) [0x00003] in <695d1cc93cca45069c528c15c9fdd749>:0 
  at Coffee.CSharpCompilerSettings.Core.FindAsmdef (System.String path) [0x00070] in <64ac538fcfe94cc8acaaea1c65f42fdf>:0 
  at Coffee.CSharpCompilerSettings.Core..cctor () [0x00070] in <64ac538fcfe94cc8acaaea1c65f42fdf>:0 
UnityEngine.StackTraceUtility:ExtractStackTrace ()
UnityEngine.DebugLogHandler:LogFormat (UnityEngine.LogType,UnityEngine.Object,string,object[])
UnityEngine.Logger:Log (UnityEngine.LogType,object)
UnityEngine.Debug:LogError (object)
UnityEditor.EditorAssemblies:ProcessInitializeOnLoadAttributes (System.Type[])

Mono: successfully reloaded assembly
- Completed reload, in  0.849 seconds
Domain Reload Profiling:
	ReloadAssembly (850ms)
		BeginReloadAssembly (102ms)
			ExecutionOrderSort (0ms)
			DisableScriptedObjects (4ms)
			BackupInstance (0ms)
			ReleaseScriptingObjects (0ms)
			CreateAndSetChildDomain (31ms)
		EndReloadAssembly (698ms)
			LoadAssemblies (73ms)
			RebuildTransferFunctionScriptingTraits (0ms)
			SetupTypeCache (220ms)
			ReleaseScriptCaches (1ms)
			RebuildScriptCaches (30ms)
			SetupLoadedEditorAssemblies (247ms)
				LogAssemblyErrors (0ms)
				InitializePlatformSupportModulesInManaged (5ms)
				SetLoadedEditorAssemblies (0ms)
				RefreshPlugins (0ms)
				BeforeProcessingInitializeOnLoad (75ms)
				ProcessInitializeOnLoadAttributes (148ms)
				ProcessInitializeOnLoadMethodAttributes (14ms)
				AfterProcessingInitializeOnLoad (4ms)
				EditorAssembliesLoaded (0ms)
			ExecutionOrderSort2 (0ms)
			AwakeInstancesAfterBackupRestoration (30ms)
Platform modules already initialized, skipping
Refreshing native plugins compatible for Editor in 0.55 ms, found 2 plugins.
Preloading 0 native plugins for Editor in 0.00 ms.
Unloading 3310 Unused Serialized files (Serialized files now loaded: 0)
System memory in use before: 147.9 MB.
System memory in use after: 148.2 MB.

Unloading 16 unused Assets to reduce memory usage. Loaded Objects now: 3936.
Total: 2.553600 ms (FindLiveObjects: 0.162300 ms CreateObjectMapping: 0.074500 ms MarkObjects: 2.296800 ms  DeleteObjects: 0.019300 ms)

AssetImportParameters requested are different than current active one (requested -> active):
  custom:framework-win-MediaFoundation: 216162199b28c13a410421893ffa2e32 -> 
  custom:video-decoder-ogg-theora: a1e56fd34408186e4bbccfd4996cb3dc -> 
  custom:container-muxer-webm: aa71ff27fc2769a1b78a27578f13a17b -> 
  custom:container-demuxer-webm: 4f35f7cbe854078d1ac9338744f61a02 -> 
  custom:container-demuxer-ogg: 62fdf1f143b41e24485cea50d1cbac27 -> 
  custom:video-encoder-webm-vp8: eb34c28f22e8b96e1ab97ce403110664 -> 
  custom:video-decoder-webm-vp8: 9c59270c3fd7afecdb556c50c9e8de78 -> 
  custom:audio-decoder-ogg-vorbis: bf7c407c2cedff20999df2af8eb42d56 -> 
  custom:audio-encoder-webm-vorbis: bf7c407c2cedff20999df2af8eb42d56 -> 
========================================================================
Received Prepare
Registering precompiled user dll's ...
Registered in 0.003581 seconds.
Begin MonoManager ReloadAssembly
Native extension for LinuxStandalone target not found
Native extension for WindowsStandalone target not found
Native extension for OSXStandalone target not found
Native extension for WebGL target not found
Refreshing native plugins compatible for Editor in 0.41 ms, found 2 plugins.
Preloading 0 native plugins for Editor in 0.00 ms.
System.ArgumentNullException: Value cannot be null.
Parameter name: path
  at System.IO.Directory.GetFiles (System.String path, System.String searchPattern) [0x00003] in <695d1cc93cca45069c528c15c9fdd749>:0 
  at Coffee.CSharpCompilerSettings.Core.FindAsmdef (System.String path) [0x00070] in <64ac538fcfe94cc8acaaea1c65f42fdf>:0 
  at Coffee.CSharpCompilerSettings.Core..cctor () [0x00070] in <64ac538fcfe94cc8acaaea1c65f42fdf>:0 
UnityEngine.StackTraceUtility:ExtractStackTrace ()
UnityEngine.DebugLogHandler:LogFormat (UnityEngine.LogType,UnityEngine.Object,string,object[])
UnityEngine.Logger:Log (UnityEngine.LogType,object)
UnityEngine.Debug:LogError (object)
UnityEditor.EditorAssemblies:ProcessInitializeOnLoadAttributes (System.Type[])

Mono: successfully reloaded assembly
- Completed reload, in  0.786 seconds
Domain Reload Profiling:
	ReloadAssembly (787ms)
		BeginReloadAssembly (83ms)
			ExecutionOrderSort (0ms)
			DisableScriptedObjects (3ms)
			BackupInstance (0ms)
			ReleaseScriptingObjects (0ms)
			CreateAndSetChildDomain (26ms)
		EndReloadAssembly (663ms)
			LoadAssemblies (66ms)
			RebuildTransferFunctionScriptingTraits (0ms)
			SetupTypeCache (200ms)
			ReleaseScriptCaches (1ms)
			RebuildScriptCaches (29ms)
			SetupLoadedEditorAssemblies (242ms)
				LogAssemblyErrors (0ms)
				InitializePlatformSupportModulesInManaged (5ms)
				SetLoadedEditorAssemblies (0ms)
				RefreshPlugins (0ms)
				BeforeProcessingInitializeOnLoad (76ms)
				ProcessInitializeOnLoadAttributes (143ms)
				ProcessInitializeOnLoadMethodAttributes (13ms)
				AfterProcessingInitializeOnLoad (4ms)
				EditorAssembliesLoaded (0ms)
			ExecutionOrderSort2 (0ms)
			AwakeInstancesAfterBackupRestoration (30ms)
Platform modules already initialized, skipping
Refreshing native plugins compatible for Editor in 0.50 ms, found 2 plugins.
Preloading 0 native plugins for Editor in 0.00 ms.
Unloading 3310 Unused Serialized files (Serialized files now loaded: 0)
System memory in use before: 148.0 MB.
System memory in use after: 148.2 MB.

Unloading 16 unused Assets to reduce memory usage. Loaded Objects now: 3939.
Total: 2.305500 ms (FindLiveObjects: 0.160200 ms CreateObjectMapping: 0.089800 ms MarkObjects: 2.036800 ms  DeleteObjects: 0.018000 ms)

AssetImportParameters requested are different than current active one (requested -> active):
  custom:framework-win-MediaFoundation: 216162199b28c13a410421893ffa2e32 -> 
  custom:video-decoder-ogg-theora: a1e56fd34408186e4bbccfd4996cb3dc -> 
  custom:container-muxer-webm: aa71ff27fc2769a1b78a27578f13a17b -> 
  custom:container-demuxer-webm: 4f35f7cbe854078d1ac9338744f61a02 -> 
  custom:container-demuxer-ogg: 62fdf1f143b41e24485cea50d1cbac27 -> 
  custom:video-encoder-webm-vp8: eb34c28f22e8b96e1ab97ce403110664 -> 
  custom:video-decoder-webm-vp8: 9c59270c3fd7afecdb556c50c9e8de78 -> 
  custom:audio-decoder-ogg-vorbis: bf7c407c2cedff20999df2af8eb42d56 -> 
  custom:audio-encoder-webm-vorbis: bf7c407c2cedff20999df2af8eb42d56 -> 
========================================================================
Received Prepare
Registering precompiled user dll's ...
Registered in 0.011377 seconds.
Begin MonoManager ReloadAssembly
Native extension for LinuxStandalone target not found
Native extension for WindowsStandalone target not found
Native extension for OSXStandalone target not found
Native extension for WebGL target not found
Refreshing native plugins compatible for Editor in 0.82 ms, found 2 plugins.
Preloading 0 native plugins for Editor in 0.00 ms.
System.ArgumentNullException: Value cannot be null.
Parameter name: path
  at System.IO.Directory.GetFiles (System.String path, System.String searchPattern) [0x00003] in <695d1cc93cca45069c528c15c9fdd749>:0 
  at Coffee.CSharpCompilerSettings.Core.FindAsmdef (System.String path) [0x00070] in <64ac538fcfe94cc8acaaea1c65f42fdf>:0 
  at Coffee.CSharpCompilerSettings.Core..cctor () [0x00070] in <64ac538fcfe94cc8acaaea1c65f42fdf>:0 
UnityEngine.StackTraceUtility:ExtractStackTrace ()
UnityEngine.DebugLogHandler:LogFormat (UnityEngine.LogType,UnityEngine.Object,string,object[])
UnityEngine.Logger:Log (UnityEngine.LogType,object)
UnityEngine.Debug:LogError (object)
UnityEditor.EditorAssemblies:ProcessInitializeOnLoadAttributes (System.Type[])

Mono: successfully reloaded assembly
- Completed reload, in  1.655 seconds
Domain Reload Profiling:
	ReloadAssembly (1656ms)
		BeginReloadAssembly (213ms)
			ExecutionOrderSort (0ms)
			DisableScriptedObjects (13ms)
			BackupInstance (0ms)
			ReleaseScriptingObjects (0ms)
			CreateAndSetChildDomain (57ms)
		EndReloadAssembly (1365ms)
			LoadAssemblies (206ms)
			RebuildTransferFunctionScriptingTraits (0ms)
			SetupTypeCache (330ms)
			ReleaseScriptCaches (1ms)
			RebuildScriptCaches (55ms)
			SetupLoadedEditorAssemblies (469ms)
				LogAssemblyErrors (0ms)
				InitializePlatformSupportModulesInManaged (9ms)
				SetLoadedEditorAssemblies (1ms)
				RefreshPlugins (1ms)
				BeforeProcessingInitializeOnLoad (189ms)
				ProcessInitializeOnLoadAttributes (245ms)
				ProcessInitializeOnLoadMethodAttributes (18ms)
				AfterProcessingInitializeOnLoad (5ms)
				EditorAssembliesLoaded (0ms)
			ExecutionOrderSort2 (0ms)
			AwakeInstancesAfterBackupRestoration (43ms)
Platform modules already initialized, skipping
Refreshing native plugins compatible for Editor in 0.53 ms, found 2 plugins.
Preloading 0 native plugins for Editor in 0.00 ms.
Unloading 3310 Unused Serialized files (Serialized files now loaded: 0)
System memory in use before: 148.0 MB.
System memory in use after: 148.2 MB.

Unloading 16 unused Assets to reduce memory usage. Loaded Objects now: 3942.
Total: 4.749800 ms (FindLiveObjects: 0.232700 ms CreateObjectMapping: 0.101600 ms MarkObjects: 4.372100 ms  DeleteObjects: 0.041800 ms)

AssetImportParameters requested are different than current active one (requested -> active):
  custom:framework-win-MediaFoundation: 216162199b28c13a410421893ffa2e32 -> 
  custom:video-decoder-ogg-theora: a1e56fd34408186e4bbccfd4996cb3dc -> 
  custom:container-muxer-webm: aa71ff27fc2769a1b78a27578f13a17b -> 
  custom:container-demuxer-webm: 4f35f7cbe854078d1ac9338744f61a02 -> 
  custom:container-demuxer-ogg: 62fdf1f143b41e24485cea50d1cbac27 -> 
  custom:video-encoder-webm-vp8: eb34c28f22e8b96e1ab97ce403110664 -> 
  custom:video-decoder-webm-vp8: 9c59270c3fd7afecdb556c50c9e8de78 -> 
  custom:audio-decoder-ogg-vorbis: bf7c407c2cedff20999df2af8eb42d56 -> 
  custom:audio-encoder-webm-vorbis: bf7c407c2cedff20999df2af8eb42d56 -> 
========================================================================
Received Import Request.
  Time since last request: 773.831393 seconds.
  path: Assets/_TestAsset/TestScriptA.cs
  artifactKey: Guid(79f7be5875b19c846965c56f09d9065f) Importer(815301076,1909f56bfc062723c751e8b465ee728b)
Start importing Assets/_TestAsset/TestScriptA.cs using Guid(79f7be5875b19c846965c56f09d9065f) Importer(815301076,1909f56bfc062723c751e8b465ee728b)  -> (artifact id: '9ceb43c50ef1f4a589ccb87406dc476a') in 0.009492 seconds 
========================================================================
Received Import Request.
  Time since last request: 151.945258 seconds.
  path: Assets/ExampleAssets/Textures/Props/Hammer/Hammer_Albedo.tif
  artifactKey: Guid(59c8de363dc14c54986d0751c2c38342) Importer(815301076,1909f56bfc062723c751e8b465ee728b)
Start importing Assets/ExampleAssets/Textures/Props/Hammer/Hammer_Albedo.tif using Guid(59c8de363dc14c54986d0751c2c38342) Importer(815301076,1909f56bfc062723c751e8b465ee728b)  -> (artifact id: '715101e8fc0fafacea1213a8a4796276') in 0.051265 seconds 
========================================================================
Received Import Request.
  Time since last request: 3.844835 seconds.
  path: Assets/ExampleAssets/Textures/Props/Jigsaw/Jigsaw_Albedo.tif
  artifactKey: Guid(b3f247b26e080ca468f1daa963c192ee) Importer(815301076,1909f56bfc062723c751e8b465ee728b)
Start importing Assets/ExampleAssets/Textures/Props/Jigsaw/Jigsaw_Albedo.tif using Guid(b3f247b26e080ca468f1daa963c192ee) Importer(815301076,1909f56bfc062723c751e8b465ee728b)  -> (artifact id: 'f2c5f1483531c7b8e8a454ae6dbe5d88') in 0.033827 seconds 
========================================================================
Received Import Request.
  Time since last request: 19.333821 seconds.
  path: Assets/_TestAsset/TestAsset/TesObject3.prefab
  artifactKey: Guid(9fdb162ccb08d6347b860f5ca102f6fc) Importer(815301076,1909f56bfc062723c751e8b465ee728b)
Start importing Assets/_TestAsset/TestAsset/TesObject3.prefab using Guid(9fdb162ccb08d6347b860f5ca102f6fc) Importer(815301076,1909f56bfc062723c751e8b465ee728b)  -> (artifact id: 'b0cfc67e0226b9fb7ad6665033529d18') in 0.096809 seconds 
========================================================================
Received Import Request.
  Time since last request: 87.684241 seconds.
  path: Assets/ExampleAssets/Textures/Props/Hammer/Hammer_MetallicOcculusionSmoothness.tif
  artifactKey: Guid(6c509e4ae024b5e4faeefb92dab5c812) Importer(815301076,1909f56bfc062723c751e8b465ee728b)
Start importing Assets/ExampleAssets/Textures/Props/Hammer/Hammer_MetallicOcculusionSmoothness.tif using Guid(6c509e4ae024b5e4faeefb92dab5c812) Importer(815301076,1909f56bfc062723c751e8b465ee728b)  -> (artifact id: '195a1284a9b901d228e8f6891dc4588c') in 0.007788 seconds 
========================================================================
Received Import Request.
  Time since last request: 4.266306 seconds.
  path: Assets/ExampleAssets
  artifactKey: Guid(990f5c2df70993f4987a388ca178996a) Importer(815301076,1909f56bfc062723c751e8b465ee728b)
Start importing Assets/ExampleAssets using Guid(990f5c2df70993f4987a388ca178996a) Importer(815301076,1909f56bfc062723c751e8b465ee728b)  -> (artifact id: 'd5ac45704b3e904ca5b19a6457cc79ac') in 0.002489 seconds 
========================================================================
Received Import Request.
  Time since last request: 20.183428 seconds.
  path: Assets/_TestAsset/TestAsset/Hammer_Albedo.tif
  artifactKey: Guid(59c8de363dc14c54986d0751c2c38342) Importer(815301076,1909f56bfc062723c751e8b465ee728b)
Start importing Assets/_TestAsset/TestAsset/Hammer_Albedo.tif using Guid(59c8de363dc14c54986d0751c2c38342) Importer(815301076,1909f56bfc062723c751e8b465ee728b)  -> (artifact id: 'ec43f584a5d2959e8672153d80fc547f') in 0.017922 seconds 
========================================================================
Received Import Request.
  Time since last request: 120.133256 seconds.
  path: Assets/_TestAsset/TestAsset
  artifactKey: Guid(f7b1e1029b7ae884b92cd10ad0b0a476) Importer(815301076,1909f56bfc062723c751e8b465ee728b)
Start importing Assets/_TestAsset/TestAsset using Guid(f7b1e1029b7ae884b92cd10ad0b0a476) Importer(815301076,1909f56bfc062723c751e8b465ee728b)  -> (artifact id: 'eeed81e922cbcd8bab323b9a479f2cea') in 0.002831 seconds 
========================================================================
Received Prepare
Registering precompiled user dll's ...
Registered in 0.003448 seconds.
Begin MonoManager ReloadAssembly
Native extension for LinuxStandalone target not found
Native extension for WindowsStandalone target not found
Native extension for OSXStandalone target not found
Native extension for WebGL target not found
Refreshing native plugins compatible for Editor in 0.42 ms, found 2 plugins.
Preloading 0 native plugins for Editor in 0.00 ms.
System.ArgumentNullException: Value cannot be null.
Parameter name: path
  at System.IO.Directory.GetFiles (System.String path, System.String searchPattern) [0x00003] in <695d1cc93cca45069c528c15c9fdd749>:0 
  at Coffee.CSharpCompilerSettings.Core.FindAsmdef (System.String path) [0x00070] in <64ac538fcfe94cc8acaaea1c65f42fdf>:0 
  at Coffee.CSharpCompilerSettings.Core..cctor () [0x00070] in <64ac538fcfe94cc8acaaea1c65f42fdf>:0 
UnityEngine.StackTraceUtility:ExtractStackTrace ()
UnityEngine.DebugLogHandler:LogFormat (UnityEngine.LogType,UnityEngine.Object,string,object[])
UnityEngine.Logger:Log (UnityEngine.LogType,object)
UnityEngine.Debug:LogError (object)
UnityEditor.EditorAssemblies:ProcessInitializeOnLoadAttributes (System.Type[])

Mono: successfully reloaded assembly
- Completed reload, in  0.876 seconds
Domain Reload Profiling:
	ReloadAssembly (876ms)
		BeginReloadAssembly (89ms)
			ExecutionOrderSort (0ms)
			DisableScriptedObjects (5ms)
			BackupInstance (0ms)
			ReleaseScriptingObjects (0ms)
			CreateAndSetChildDomain (31ms)
		EndReloadAssembly (746ms)
			LoadAssemblies (75ms)
			RebuildTransferFunctionScriptingTraits (0ms)
			SetupTypeCache (226ms)
			ReleaseScriptCaches (1ms)
			RebuildScriptCaches (32ms)
			SetupLoadedEditorAssemblies (269ms)
				LogAssemblyErrors (0ms)
				InitializePlatformSupportModulesInManaged (5ms)
				SetLoadedEditorAssemblies (0ms)
				RefreshPlugins (0ms)
				BeforeProcessingInitializeOnLoad (78ms)
				ProcessInitializeOnLoadAttributes (149ms)
				ProcessInitializeOnLoadMethodAttributes (28ms)
				AfterProcessingInitializeOnLoad (6ms)
				EditorAssembliesLoaded (0ms)
			ExecutionOrderSort2 (0ms)
			AwakeInstancesAfterBackupRestoration (35ms)
Platform modules already initialized, skipping
Refreshing native plugins compatible for Editor in 0.57 ms, found 2 plugins.
Preloading 0 native plugins for Editor in 0.00 ms.
Unloading 3344 Unused Serialized files (Serialized files now loaded: 0)
System memory in use before: 149.2 MB.
System memory in use after: 149.4 MB.

Unloading 16 unused Assets to reduce memory usage. Loaded Objects now: 4017.
Total: 3.548500 ms (FindLiveObjects: 0.332900 ms CreateObjectMapping: 0.183500 ms MarkObjects: 3.001000 ms  DeleteObjects: 0.030100 ms)

AssetImportParameters requested are different than current active one (requested -> active):
  custom:framework-win-MediaFoundation: 216162199b28c13a410421893ffa2e32 -> 
  custom:video-decoder-ogg-theora: a1e56fd34408186e4bbccfd4996cb3dc -> 
  custom:container-muxer-webm: aa71ff27fc2769a1b78a27578f13a17b -> 
  custom:container-demuxer-webm: 4f35f7cbe854078d1ac9338744f61a02 -> 
  custom:container-demuxer-ogg: 62fdf1f143b41e24485cea50d1cbac27 -> 
  custom:video-encoder-webm-vp8: eb34c28f22e8b96e1ab97ce403110664 -> 
  custom:video-decoder-webm-vp8: 9c59270c3fd7afecdb556c50c9e8de78 -> 
  custom:audio-decoder-ogg-vorbis: bf7c407c2cedff20999df2af8eb42d56 -> 
  custom:audio-encoder-webm-vorbis: bf7c407c2cedff20999df2af8eb42d56 -> 
========================================================================
Received Import Request.
  Time since last request: 167.595321 seconds.
  path: Assets/_TestAsset/TestAsset/Jigsaw_MetallicOcculusionSmoothness.tif
  artifactKey: Guid(3017ed6fed9d3bb49ba99bf738e2d626) Importer(815301076,1909f56bfc062723c751e8b465ee728b)
Start importing Assets/_TestAsset/TestAsset/Jigsaw_MetallicOcculusionSmoothness.tif using Guid(3017ed6fed9d3bb49ba99bf738e2d626) Importer(815301076,1909f56bfc062723c751e8b465ee728b)  -> (artifact id: '9fc92e34ad308d7d356e544cd7ab5204') in 0.044151 seconds 
========================================================================
Received Import Request.
  Time since last request: 15.840347 seconds.
  path: Assets/Atlas.spriteatlas
  artifactKey: Guid(f7db1b04dce3eea44908899b3c476cc2) Importer(815301076,1909f56bfc062723c751e8b465ee728b)
Start importing Assets/Atlas.spriteatlas using Guid(f7db1b04dce3eea44908899b3c476cc2) Importer(815301076,1909f56bfc062723c751e8b465ee728b)  -> (artifact id: '5fa69f440c0700a3af0e7e4300d97334') in 0.005149 seconds 
========================================================================
Received Import Request.
  Time since last request: 76.663802 seconds.
  path: Assets/_TestAsset/TestAsset/TesObject3.prefab
  artifactKey: Guid(9fdb162ccb08d6347b860f5ca102f6fc) Importer(815301076,1909f56bfc062723c751e8b465ee728b)
Start importing Assets/_TestAsset/TestAsset/TesObject3.prefab using Guid(9fdb162ccb08d6347b860f5ca102f6fc) Importer(815301076,1909f56bfc062723c751e8b465ee728b)  -> (artifact id: 'ffbc568553baf9e78d55fa7305a6d648') in 0.143704 seconds 
========================================================================
Received Import Request.
  Time since last request: 47.099918 seconds.
  path: Packages/com.luckyvr.custom_subpackage_a/package.json
  artifactKey: Guid(a2d7dce5fe7ca0b4daf4eb3582faaf08) Importer(815301076,1909f56bfc062723c751e8b465ee728b)
Start importing Packages/com.luckyvr.custom_subpackage_a/package.json using Guid(a2d7dce5fe7ca0b4daf4eb3582faaf08) Importer(815301076,1909f56bfc062723c751e8b465ee728b)  -> (artifact id: 'a2e1814e78c6e5e0c797c7b16b8b3b0a') in 0.005276 seconds 
========================================================================
Received Prepare
Registering precompiled user dll's ...
Registered in 0.003520 seconds.
Begin MonoManager ReloadAssembly
Native extension for LinuxStandalone target not found
Native extension for WindowsStandalone target not found
Native extension for OSXStandalone target not found
Native extension for WebGL target not found
Refreshing native plugins compatible for Editor in 0.49 ms, found 2 plugins.
Preloading 0 native plugins for Editor in 0.00 ms.
System.ArgumentNullException: Value cannot be null.
Parameter name: path
  at System.IO.Directory.GetFiles (System.String path, System.String searchPattern) [0x00003] in <695d1cc93cca45069c528c15c9fdd749>:0 
  at Coffee.CSharpCompilerSettings.Core.FindAsmdef (System.String path) [0x00070] in <64ac538fcfe94cc8acaaea1c65f42fdf>:0 
  at Coffee.CSharpCompilerSettings.Core..cctor () [0x00070] in <64ac538fcfe94cc8acaaea1c65f42fdf>:0 
UnityEngine.StackTraceUtility:ExtractStackTrace ()
UnityEngine.DebugLogHandler:LogFormat (UnityEngine.LogType,UnityEngine.Object,string,object[])
UnityEngine.Logger:Log (UnityEngine.LogType,object)
UnityEngine.Debug:LogError (object)
UnityEditor.EditorAssemblies:ProcessInitializeOnLoadAttributes (System.Type[])

Mono: successfully reloaded assembly
- Completed reload, in  0.810 seconds
Domain Reload Profiling:
	ReloadAssembly (811ms)
		BeginReloadAssembly (85ms)
			ExecutionOrderSort (0ms)
			DisableScriptedObjects (4ms)
			BackupInstance (0ms)
			ReleaseScriptingObjects (0ms)
			CreateAndSetChildDomain (27ms)
		EndReloadAssembly (686ms)
			LoadAssemblies (68ms)
			RebuildTransferFunctionScriptingTraits (0ms)
			SetupTypeCache (211ms)
			ReleaseScriptCaches (1ms)
			RebuildScriptCaches (30ms)
			SetupLoadedEditorAssemblies (240ms)
				LogAssemblyErrors (0ms)
				InitializePlatformSupportModulesInManaged (4ms)
				SetLoadedEditorAssemblies (0ms)
				RefreshPlugins (1ms)
				BeforeProcessingInitializeOnLoad (74ms)
				ProcessInitializeOnLoadAttributes (144ms)
				ProcessInitializeOnLoadMethodAttributes (13ms)
				AfterProcessingInitializeOnLoad (4ms)
				EditorAssembliesLoaded (0ms)
			ExecutionOrderSort2 (0ms)
			AwakeInstancesAfterBackupRestoration (31ms)
Platform modules already initialized, skipping
Refreshing native plugins compatible for Editor in 0.43 ms, found 2 plugins.
Preloading 0 native plugins for Editor in 0.00 ms.
Unloading 3344 Unused Serialized files (Serialized files now loaded: 0)
System memory in use before: 149.3 MB.
System memory in use after: 149.6 MB.

Unloading 16 unused Assets to reduce memory usage. Loaded Objects now: 4056.
Total: 2.527500 ms (FindLiveObjects: 0.183000 ms CreateObjectMapping: 0.086500 ms MarkObjects: 2.238300 ms  DeleteObjects: 0.018200 ms)

AssetImportParameters requested are different than current active one (requested -> active):
  custom:framework-win-MediaFoundation: 216162199b28c13a410421893ffa2e32 -> 
  custom:video-decoder-ogg-theora: a1e56fd34408186e4bbccfd4996cb3dc -> 
  custom:container-muxer-webm: aa71ff27fc2769a1b78a27578f13a17b -> 
  custom:container-demuxer-webm: 4f35f7cbe854078d1ac9338744f61a02 -> 
  custom:container-demuxer-ogg: 62fdf1f143b41e24485cea50d1cbac27 -> 
  custom:video-encoder-webm-vp8: eb34c28f22e8b96e1ab97ce403110664 -> 
  custom:video-decoder-webm-vp8: 9c59270c3fd7afecdb556c50c9e8de78 -> 
  custom:audio-decoder-ogg-vorbis: bf7c407c2cedff20999df2af8eb42d56 -> 
  custom:audio-encoder-webm-vorbis: bf7c407c2cedff20999df2af8eb42d56 -> 
========================================================================
Received Prepare
Registering precompiled user dll's ...
Registered in 0.003401 seconds.
Begin MonoManager ReloadAssembly
Native extension for LinuxStandalone target not found
Native extension for WindowsStandalone target not found
Native extension for OSXStandalone target not found
Native extension for WebGL target not found
Refreshing native plugins compatible for Editor in 0.46 ms, found 2 plugins.
Preloading 0 native plugins for Editor in 0.00 ms.
System.ArgumentNullException: Value cannot be null.
Parameter name: path
  at System.IO.Directory.GetFiles (System.String path, System.String searchPattern) [0x00003] in <695d1cc93cca45069c528c15c9fdd749>:0 
  at Coffee.CSharpCompilerSettings.Core.FindAsmdef (System.String path) [0x00070] in <64ac538fcfe94cc8acaaea1c65f42fdf>:0 
  at Coffee.CSharpCompilerSettings.Core..cctor () [0x00070] in <64ac538fcfe94cc8acaaea1c65f42fdf>:0 
UnityEngine.StackTraceUtility:ExtractStackTrace ()
UnityEngine.DebugLogHandler:LogFormat (UnityEngine.LogType,UnityEngine.Object,string,object[])
UnityEngine.Logger:Log (UnityEngine.LogType,object)
UnityEngine.Debug:LogError (object)
UnityEditor.EditorAssemblies:ProcessInitializeOnLoadAttributes (System.Type[])

Mono: successfully reloaded assembly
- Completed reload, in  0.801 seconds
Domain Reload Profiling:
	ReloadAssembly (802ms)
		BeginReloadAssembly (82ms)
			ExecutionOrderSort (0ms)
			DisableScriptedObjects (3ms)
			BackupInstance (0ms)
			ReleaseScriptingObjects (0ms)
			CreateAndSetChildDomain (26ms)
		EndReloadAssembly (676ms)
			LoadAssemblies (65ms)
			RebuildTransferFunctionScriptingTraits (0ms)
			SetupTypeCache (213ms)
			ReleaseScriptCaches (1ms)
			RebuildScriptCaches (30ms)
			SetupLoadedEditorAssemblies (239ms)
				LogAssemblyErrors (0ms)
				InitializePlatformSupportModulesInManaged (4ms)
				SetLoadedEditorAssemblies (0ms)
				RefreshPlugins (1ms)
				BeforeProcessingInitializeOnLoad (74ms)
				ProcessInitializeOnLoadAttributes (142ms)
				ProcessInitializeOnLoadMethodAttributes (14ms)
				AfterProcessingInitializeOnLoad (4ms)
				EditorAssembliesLoaded (0ms)
			ExecutionOrderSort2 (0ms)
			AwakeInstancesAfterBackupRestoration (32ms)
Platform modules already initialized, skipping
Refreshing native plugins compatible for Editor in 0.49 ms, found 2 plugins.
Preloading 0 native plugins for Editor in 0.00 ms.
Unloading 3344 Unused Serialized files (Serialized files now loaded: 0)
System memory in use before: 149.3 MB.
System memory in use after: 149.6 MB.

Unloading 16 unused Assets to reduce memory usage. Loaded Objects now: 4059.
Total: 2.542400 ms (FindLiveObjects: 0.166200 ms CreateObjectMapping: 0.082700 ms MarkObjects: 2.260500 ms  DeleteObjects: 0.032200 ms)

AssetImportParameters requested are different than current active one (requested -> active):
  custom:framework-win-MediaFoundation: 216162199b28c13a410421893ffa2e32 -> 
  custom:video-decoder-ogg-theora: a1e56fd34408186e4bbccfd4996cb3dc -> 
  custom:container-muxer-webm: aa71ff27fc2769a1b78a27578f13a17b -> 
  custom:container-demuxer-webm: 4f35f7cbe854078d1ac9338744f61a02 -> 
  custom:container-demuxer-ogg: 62fdf1f143b41e24485cea50d1cbac27 -> 
  custom:video-encoder-webm-vp8: eb34c28f22e8b96e1ab97ce403110664 -> 
  custom:video-decoder-webm-vp8: 9c59270c3fd7afecdb556c50c9e8de78 -> 
  custom:audio-decoder-ogg-vorbis: bf7c407c2cedff20999df2af8eb42d56 -> 
  custom:audio-encoder-webm-vorbis: bf7c407c2cedff20999df2af8eb42d56 -> 
========================================================================
Received Prepare
Registering precompiled user dll's ...
Registered in 0.003480 seconds.
Begin MonoManager ReloadAssembly
Native extension for LinuxStandalone target not found
Native extension for WindowsStandalone target not found
Native extension for OSXStandalone target not found
Native extension for WebGL target not found
Refreshing native plugins compatible for Editor in 0.43 ms, found 2 plugins.
Preloading 0 native plugins for Editor in 0.00 ms.
System.ArgumentNullException: Value cannot be null.
Parameter name: path
  at System.IO.Directory.GetFiles (System.String path, System.String searchPattern) [0x00003] in <695d1cc93cca45069c528c15c9fdd749>:0 
  at Coffee.CSharpCompilerSettings.Core.FindAsmdef (System.String path) [0x00070] in <64ac538fcfe94cc8acaaea1c65f42fdf>:0 
  at Coffee.CSharpCompilerSettings.Core..cctor () [0x00070] in <64ac538fcfe94cc8acaaea1c65f42fdf>:0 
UnityEngine.StackTraceUtility:ExtractStackTrace ()
UnityEngine.DebugLogHandler:LogFormat (UnityEngine.LogType,UnityEngine.Object,string,object[])
UnityEngine.Logger:Log (UnityEngine.LogType,object)
UnityEngine.Debug:LogError (object)
UnityEditor.EditorAssemblies:ProcessInitializeOnLoadAttributes (System.Type[])

Mono: successfully reloaded assembly
- Completed reload, in  0.846 seconds
Domain Reload Profiling:
	ReloadAssembly (846ms)
		BeginReloadAssembly (83ms)
			ExecutionOrderSort (0ms)
			DisableScriptedObjects (3ms)
			BackupInstance (0ms)
			ReleaseScriptingObjects (0ms)
			CreateAndSetChildDomain (25ms)
		EndReloadAssembly (714ms)
			LoadAssemblies (71ms)
			RebuildTransferFunctionScriptingTraits (0ms)
			SetupTypeCache (237ms)
			ReleaseScriptCaches (1ms)
			RebuildScriptCaches (36ms)
			SetupLoadedEditorAssemblies (238ms)
				LogAssemblyErrors (0ms)
				InitializePlatformSupportModulesInManaged (5ms)
				SetLoadedEditorAssemblies (0ms)
				RefreshPlugins (0ms)
				BeforeProcessingInitializeOnLoad (77ms)
				ProcessInitializeOnLoadAttributes (138ms)
				ProcessInitializeOnLoadMethodAttributes (14ms)
				AfterProcessingInitializeOnLoad (4ms)
				EditorAssembliesLoaded (0ms)
			ExecutionOrderSort2 (0ms)
			AwakeInstancesAfterBackupRestoration (32ms)
Platform modules already initialized, skipping
Refreshing native plugins compatible for Editor in 0.60 ms, found 2 plugins.
Preloading 0 native plugins for Editor in 0.00 ms.
Unloading 3344 Unused Serialized files (Serialized files now loaded: 0)
System memory in use before: 149.4 MB.
System memory in use after: 149.6 MB.

Unloading 16 unused Assets to reduce memory usage. Loaded Objects now: 4062.
Total: 2.297200 ms (FindLiveObjects: 0.161300 ms CreateObjectMapping: 0.080000 ms MarkObjects: 2.037000 ms  DeleteObjects: 0.018100 ms)

AssetImportParameters requested are different than current active one (requested -> active):
  custom:framework-win-MediaFoundation: 216162199b28c13a410421893ffa2e32 -> 
  custom:video-decoder-ogg-theora: a1e56fd34408186e4bbccfd4996cb3dc -> 
  custom:container-muxer-webm: aa71ff27fc2769a1b78a27578f13a17b -> 
  custom:container-demuxer-webm: 4f35f7cbe854078d1ac9338744f61a02 -> 
  custom:container-demuxer-ogg: 62fdf1f143b41e24485cea50d1cbac27 -> 
  custom:video-encoder-webm-vp8: eb34c28f22e8b96e1ab97ce403110664 -> 
  custom:video-decoder-webm-vp8: 9c59270c3fd7afecdb556c50c9e8de78 -> 
  custom:audio-decoder-ogg-vorbis: bf7c407c2cedff20999df2af8eb42d56 -> 
  custom:audio-encoder-webm-vorbis: bf7c407c2cedff20999df2af8eb42d56 -> 
========================================================================
Received Import Request.
  Time since last request: 400.599679 seconds.
  path: Assets/_TestAsset/TestAsset/TesObject3.prefab
  artifactKey: Guid(9fdb162ccb08d6347b860f5ca102f6fc) Importer(815301076,1909f56bfc062723c751e8b465ee728b)
Start importing Assets/_TestAsset/TestAsset/TesObject3.prefab using Guid(9fdb162ccb08d6347b860f5ca102f6fc) Importer(815301076,1909f56bfc062723c751e8b465ee728b)  -> (artifact id: '63002741f851d8ba42a045e7a9e4e795') in 0.129392 seconds 
========================================================================
Received Prepare
Registering precompiled user dll's ...
Registered in 0.003554 seconds.
Begin MonoManager ReloadAssembly
Native extension for LinuxStandalone target not found
Native extension for WindowsStandalone target not found
Native extension for OSXStandalone target not found
Native extension for WebGL target not found
Refreshing native plugins compatible for Editor in 0.42 ms, found 2 plugins.
Preloading 0 native plugins for Editor in 0.00 ms.
System.ArgumentNullException: Value cannot be null.
Parameter name: path
  at System.IO.Directory.GetFiles (System.String path, System.String searchPattern) [0x00003] in <695d1cc93cca45069c528c15c9fdd749>:0 
  at Coffee.CSharpCompilerSettings.Core.FindAsmdef (System.String path) [0x00070] in <64ac538fcfe94cc8acaaea1c65f42fdf>:0 
  at Coffee.CSharpCompilerSettings.Core..cctor () [0x00070] in <64ac538fcfe94cc8acaaea1c65f42fdf>:0 
UnityEngine.StackTraceUtility:ExtractStackTrace ()
UnityEngine.DebugLogHandler:LogFormat (UnityEngine.LogType,UnityEngine.Object,string,object[])
UnityEngine.Logger:Log (UnityEngine.LogType,object)
UnityEngine.Debug:LogError (object)
UnityEditor.EditorAssemblies:ProcessInitializeOnLoadAttributes (System.Type[])

Mono: successfully reloaded assembly
- Completed reload, in  0.873 seconds
Domain Reload Profiling:
	ReloadAssembly (873ms)
		BeginReloadAssembly (93ms)
			ExecutionOrderSort (0ms)
			DisableScriptedObjects (6ms)
			BackupInstance (0ms)
			ReleaseScriptingObjects (0ms)
			CreateAndSetChildDomain (31ms)
		EndReloadAssembly (735ms)
			LoadAssemblies (73ms)
			RebuildTransferFunctionScriptingTraits (0ms)
			SetupTypeCache (233ms)
			ReleaseScriptCaches (1ms)
			RebuildScriptCaches (31ms)
			SetupLoadedEditorAssemblies (260ms)
				LogAssemblyErrors (0ms)
				InitializePlatformSupportModulesInManaged (5ms)
				SetLoadedEditorAssemblies (0ms)
				RefreshPlugins (0ms)
				BeforeProcessingInitializeOnLoad (87ms)
				ProcessInitializeOnLoadAttributes (150ms)
				ProcessInitializeOnLoadMethodAttributes (13ms)
				AfterProcessingInitializeOnLoad (4ms)
				EditorAssembliesLoaded (0ms)
			ExecutionOrderSort2 (0ms)
			AwakeInstancesAfterBackupRestoration (32ms)
Platform modules already initialized, skipping
Refreshing native plugins compatible for Editor in 0.42 ms, found 2 plugins.
Preloading 0 native plugins for Editor in 0.00 ms.
Unloading 3344 Unused Serialized files (Serialized files now loaded: 0)
System memory in use before: 149.5 MB.
System memory in use after: 149.7 MB.

Unloading 16 unused Assets to reduce memory usage. Loaded Objects now: 4101.
Total: 4.044000 ms (FindLiveObjects: 0.252100 ms CreateObjectMapping: 0.095900 ms MarkObjects: 3.672200 ms  DeleteObjects: 0.022500 ms)

AssetImportParameters requested are different than current active one (requested -> active):
  custom:framework-win-MediaFoundation: 216162199b28c13a410421893ffa2e32 -> 
  custom:video-decoder-ogg-theora: a1e56fd34408186e4bbccfd4996cb3dc -> 
  custom:container-muxer-webm: aa71ff27fc2769a1b78a27578f13a17b -> 
  custom:container-demuxer-webm: 4f35f7cbe854078d1ac9338744f61a02 -> 
  custom:container-demuxer-ogg: 62fdf1f143b41e24485cea50d1cbac27 -> 
  custom:video-encoder-webm-vp8: eb34c28f22e8b96e1ab97ce403110664 -> 
  custom:video-decoder-webm-vp8: 9c59270c3fd7afecdb556c50c9e8de78 -> 
  custom:audio-decoder-ogg-vorbis: bf7c407c2cedff20999df2af8eb42d56 -> 
  custom:audio-encoder-webm-vorbis: bf7c407c2cedff20999df2af8eb42d56 -> 
========================================================================
Received Import Request.
  Time since last request: 27.287402 seconds.
  path: Assets/_TestAsset/TestAsset/TesObject2.prefab
  artifactKey: Guid(b4d9df7bd9f87f64eaafce42b382f7c9) Importer(815301076,1909f56bfc062723c751e8b465ee728b)
Start importing Assets/_TestAsset/TestAsset/TesObject2.prefab using Guid(b4d9df7bd9f87f64eaafce42b382f7c9) Importer(815301076,1909f56bfc062723c751e8b465ee728b)  -> (artifact id: '30de0c1c7cfe1c5660c35fd2ff560a06') in 0.113724 seconds 
========================================================================
Received Prepare
Registering precompiled user dll's ...
Registered in 0.004191 seconds.
Begin MonoManager ReloadAssembly
Native extension for LinuxStandalone target not found
Native extension for WindowsStandalone target not found
Native extension for OSXStandalone target not found
Native extension for WebGL target not found
Refreshing native plugins compatible for Editor in 0.56 ms, found 2 plugins.
Preloading 0 native plugins for Editor in 0.00 ms.
System.ArgumentNullException: Value cannot be null.
Parameter name: path
  at System.IO.Directory.GetFiles (System.String path, System.String searchPattern) [0x00003] in <695d1cc93cca45069c528c15c9fdd749>:0 
  at Coffee.CSharpCompilerSettings.Core.FindAsmdef (System.String path) [0x00070] in <64ac538fcfe94cc8acaaea1c65f42fdf>:0 
  at Coffee.CSharpCompilerSettings.Core..cctor () [0x00070] in <64ac538fcfe94cc8acaaea1c65f42fdf>:0 
UnityEngine.StackTraceUtility:ExtractStackTrace ()
UnityEngine.DebugLogHandler:LogFormat (UnityEngine.LogType,UnityEngine.Object,string,object[])
UnityEngine.Logger:Log (UnityEngine.LogType,object)
UnityEngine.Debug:LogError (object)
UnityEditor.EditorAssemblies:ProcessInitializeOnLoadAttributes (System.Type[])

Mono: successfully reloaded assembly
- Completed reload, in  0.815 seconds
Domain Reload Profiling:
	ReloadAssembly (815ms)
		BeginReloadAssembly (95ms)
			ExecutionOrderSort (0ms)
			DisableScriptedObjects (7ms)
			BackupInstance (0ms)
			ReleaseScriptingObjects (0ms)
			CreateAndSetChildDomain (31ms)
		EndReloadAssembly (678ms)
			LoadAssemblies (71ms)
			RebuildTransferFunctionScriptingTraits (0ms)
			SetupTypeCache (222ms)
			ReleaseScriptCaches (1ms)
			RebuildScriptCaches (29ms)
			SetupLoadedEditorAssemblies (231ms)
				LogAssemblyErrors (0ms)
				InitializePlatformSupportModulesInManaged (5ms)
				SetLoadedEditorAssemblies (0ms)
				RefreshPlugins (1ms)
				BeforeProcessingInitializeOnLoad (74ms)
				ProcessInitializeOnLoadAttributes (135ms)
				ProcessInitializeOnLoadMethodAttributes (12ms)
				AfterProcessingInitializeOnLoad (4ms)
				EditorAssembliesLoaded (0ms)
			ExecutionOrderSort2 (0ms)
			AwakeInstancesAfterBackupRestoration (31ms)
Platform modules already initialized, skipping
Refreshing native plugins compatible for Editor in 0.40 ms, found 2 plugins.
Preloading 0 native plugins for Editor in 0.00 ms.
Unloading 3344 Unused Serialized files (Serialized files now loaded: 0)
System memory in use before: 149.6 MB.
System memory in use after: 149.9 MB.

Unloading 16 unused Assets to reduce memory usage. Loaded Objects now: 4141.
Total: 2.431200 ms (FindLiveObjects: 0.178800 ms CreateObjectMapping: 0.087100 ms MarkObjects: 2.146400 ms  DeleteObjects: 0.018300 ms)

AssetImportParameters requested are different than current active one (requested -> active):
  custom:framework-win-MediaFoundation: 216162199b28c13a410421893ffa2e32 -> 
  custom:video-decoder-ogg-theora: a1e56fd34408186e4bbccfd4996cb3dc -> 
  custom:container-muxer-webm: aa71ff27fc2769a1b78a27578f13a17b -> 
  custom:container-demuxer-webm: 4f35f7cbe854078d1ac9338744f61a02 -> 
  custom:container-demuxer-ogg: 62fdf1f143b41e24485cea50d1cbac27 -> 
  custom:video-encoder-webm-vp8: eb34c28f22e8b96e1ab97ce403110664 -> 
  custom:video-decoder-webm-vp8: 9c59270c3fd7afecdb556c50c9e8de78 -> 
  custom:audio-decoder-ogg-vorbis: bf7c407c2cedff20999df2af8eb42d56 -> 
  custom:audio-encoder-webm-vorbis: bf7c407c2cedff20999df2af8eb42d56 -> 
========================================================================
Received Import Request.
  Time since last request: 48.507909 seconds.
  path: Assets/_TestAsset/TestAsset/TesObject3.prefab
  artifactKey: Guid(9fdb162ccb08d6347b860f5ca102f6fc) Importer(815301076,1909f56bfc062723c751e8b465ee728b)
Start importing Assets/_TestAsset/TestAsset/TesObject3.prefab using Guid(9fdb162ccb08d6347b860f5ca102f6fc) Importer(815301076,1909f56bfc062723c751e8b465ee728b)  -> (artifact id: '8d8f50f1e4a0fa511eff031165afdbd4') in 0.121671 seconds 
========================================================================
Received Prepare
Registering precompiled user dll's ...
Registered in 0.003445 seconds.
Begin MonoManager ReloadAssembly
Native extension for LinuxStandalone target not found
Native extension for WindowsStandalone target not found
Native extension for OSXStandalone target not found
Native extension for WebGL target not found
Refreshing native plugins compatible for Editor in 0.47 ms, found 2 plugins.
Preloading 0 native plugins for Editor in 0.00 ms.
System.ArgumentNullException: Value cannot be null.
Parameter name: path
  at System.IO.Directory.GetFiles (System.String path, System.String searchPattern) [0x00003] in <695d1cc93cca45069c528c15c9fdd749>:0 
  at Coffee.CSharpCompilerSettings.Core.FindAsmdef (System.String path) [0x00070] in <64ac538fcfe94cc8acaaea1c65f42fdf>:0 
  at Coffee.CSharpCompilerSettings.Core..cctor () [0x00070] in <64ac538fcfe94cc8acaaea1c65f42fdf>:0 
UnityEngine.StackTraceUtility:ExtractStackTrace ()
UnityEngine.DebugLogHandler:LogFormat (UnityEngine.LogType,UnityEngine.Object,string,object[])
UnityEngine.Logger:Log (UnityEngine.LogType,object)
UnityEngine.Debug:LogError (object)
UnityEditor.EditorAssemblies:ProcessInitializeOnLoadAttributes (System.Type[])

Mono: successfully reloaded assembly
- Completed reload, in  0.822 seconds
Domain Reload Profiling:
	ReloadAssembly (823ms)
		BeginReloadAssembly (84ms)
			ExecutionOrderSort (0ms)
			DisableScriptedObjects (4ms)
			BackupInstance (0ms)
			ReleaseScriptingObjects (0ms)
			CreateAndSetChildDomain (27ms)
		EndReloadAssembly (697ms)
			LoadAssemblies (67ms)
			RebuildTransferFunctionScriptingTraits (0ms)
			SetupTypeCache (219ms)
			ReleaseScriptCaches (1ms)
			RebuildScriptCaches (34ms)
			SetupLoadedEditorAssemblies (242ms)
				LogAssemblyErrors (0ms)
				InitializePlatformSupportModulesInManaged (5ms)
				SetLoadedEditorAssemblies (0ms)
				RefreshPlugins (1ms)
				BeforeProcessingInitializeOnLoad (75ms)
				ProcessInitializeOnLoadAttributes (143ms)
				ProcessInitializeOnLoadMethodAttributes (14ms)
				AfterProcessingInitializeOnLoad (5ms)
				EditorAssembliesLoaded (0ms)
			ExecutionOrderSort2 (0ms)
			AwakeInstancesAfterBackupRestoration (34ms)
Platform modules already initialized, skipping
Refreshing native plugins compatible for Editor in 0.51 ms, found 2 plugins.
Preloading 0 native plugins for Editor in 0.00 ms.
Unloading 3344 Unused Serialized files (Serialized files now loaded: 0)
System memory in use before: 149.7 MB.
System memory in use after: 150.0 MB.

Unloading 16 unused Assets to reduce memory usage. Loaded Objects now: 4180.
Total: 2.570600 ms (FindLiveObjects: 0.163600 ms CreateObjectMapping: 0.078500 ms MarkObjects: 2.307100 ms  DeleteObjects: 0.020600 ms)

AssetImportParameters requested are different than current active one (requested -> active):
  custom:framework-win-MediaFoundation: 216162199b28c13a410421893ffa2e32 -> 
  custom:video-decoder-ogg-theora: a1e56fd34408186e4bbccfd4996cb3dc -> 
  custom:container-muxer-webm: aa71ff27fc2769a1b78a27578f13a17b -> 
  custom:container-demuxer-webm: 4f35f7cbe854078d1ac9338744f61a02 -> 
  custom:container-demuxer-ogg: 62fdf1f143b41e24485cea50d1cbac27 -> 
  custom:video-encoder-webm-vp8: eb34c28f22e8b96e1ab97ce403110664 -> 
  custom:video-decoder-webm-vp8: 9c59270c3fd7afecdb556c50c9e8de78 -> 
  custom:audio-decoder-ogg-vorbis: bf7c407c2cedff20999df2af8eb42d56 -> 
  custom:audio-encoder-webm-vorbis: bf7c407c2cedff20999df2af8eb42d56 -> 
========================================================================
Received Import Request.
  Time since last request: 2429.977476 seconds.
  path: Assets/_TestAsset/TestScriptB.cs
  artifactKey: Guid(8af570be1352ef143970431d9e399aaf) Importer(815301076,1909f56bfc062723c751e8b465ee728b)
Start importing Assets/_TestAsset/TestScriptB.cs using Guid(8af570be1352ef143970431d9e399aaf) Importer(815301076,1909f56bfc062723c751e8b465ee728b)  -> (artifact id: 'd3bf64cef05443e52fabd5165d0d9685') in 0.038023 seconds 
========================================================================
Received Import Request.
  Time since last request: 27.657333 seconds.
  path: Assets/_TestAsset/TestScene/TestRemoteScene.unity
  artifactKey: Guid(b3805b9363eb87648b04718b39d3a20f) Importer(815301076,1909f56bfc062723c751e8b465ee728b)
Start importing Assets/_TestAsset/TestScene/TestRemoteScene.unity using Guid(b3805b9363eb87648b04718b39d3a20f) Importer(815301076,1909f56bfc062723c751e8b465ee728b)  -> (artifact id: '675e7830239a06eacce44aac5c3afe54') in 0.002273 seconds 
========================================================================
Received Prepare
Registering precompiled user dll's ...
Registered in 0.003638 seconds.
Begin MonoManager ReloadAssembly
Native extension for LinuxStandalone target not found
Native extension for WindowsStandalone target not found
Native extension for OSXStandalone target not found
Native extension for WebGL target not found
Refreshing native plugins compatible for Editor in 0.39 ms, found 2 plugins.
Preloading 0 native plugins for Editor in 0.00 ms.
System.ArgumentNullException: Value cannot be null.
Parameter name: path
  at System.IO.Directory.GetFiles (System.String path, System.String searchPattern) [0x00003] in <695d1cc93cca45069c528c15c9fdd749>:0 
  at Coffee.CSharpCompilerSettings.Core.FindAsmdef (System.String path) [0x00070] in <64ac538fcfe94cc8acaaea1c65f42fdf>:0 
  at Coffee.CSharpCompilerSettings.Core..cctor () [0x00070] in <64ac538fcfe94cc8acaaea1c65f42fdf>:0 
UnityEngine.StackTraceUtility:ExtractStackTrace ()
UnityEngine.DebugLogHandler:LogFormat (UnityEngine.LogType,UnityEngine.Object,string,object[])
UnityEngine.Logger:Log (UnityEngine.LogType,object)
UnityEngine.Debug:LogError (object)
UnityEditor.EditorAssemblies:ProcessInitializeOnLoadAttributes (System.Type[])

Mono: successfully reloaded assembly
- Completed reload, in  0.861 seconds
Domain Reload Profiling:
	ReloadAssembly (862ms)
		BeginReloadAssembly (119ms)
			ExecutionOrderSort (0ms)
			DisableScriptedObjects (7ms)
			BackupInstance (0ms)
			ReleaseScriptingObjects (0ms)
			CreateAndSetChildDomain (48ms)
		EndReloadAssembly (699ms)
			LoadAssemblies (76ms)
			RebuildTransferFunctionScriptingTraits (0ms)
			SetupTypeCache (219ms)
			ReleaseScriptCaches (1ms)
			RebuildScriptCaches (29ms)
			SetupLoadedEditorAssemblies (249ms)
				LogAssemblyErrors (0ms)
				InitializePlatformSupportModulesInManaged (5ms)
				SetLoadedEditorAssemblies (0ms)
				RefreshPlugins (0ms)
				BeforeProcessingInitializeOnLoad (78ms)
				ProcessInitializeOnLoadAttributes (147ms)
				ProcessInitializeOnLoadMethodAttributes (14ms)
				AfterProcessingInitializeOnLoad (5ms)
				EditorAssembliesLoaded (0ms)
			ExecutionOrderSort2 (0ms)
			AwakeInstancesAfterBackupRestoration (33ms)
Platform modules already initialized, skipping
Refreshing native plugins compatible for Editor in 0.47 ms, found 2 plugins.
Preloading 0 native plugins for Editor in 0.00 ms.
Unloading 3344 Unused Serialized files (Serialized files now loaded: 0)
System memory in use before: 149.7 MB.
System memory in use after: 150.0 MB.

Unloading 16 unused Assets to reduce memory usage. Loaded Objects now: 4183.
Total: 2.598100 ms (FindLiveObjects: 0.181700 ms CreateObjectMapping: 0.087600 ms MarkObjects: 2.307200 ms  DeleteObjects: 0.020500 ms)

AssetImportParameters requested are different than current active one (requested -> active):
  custom:framework-win-MediaFoundation: 216162199b28c13a410421893ffa2e32 -> 
  custom:video-decoder-ogg-theora: a1e56fd34408186e4bbccfd4996cb3dc -> 
  custom:container-muxer-webm: aa71ff27fc2769a1b78a27578f13a17b -> 
  custom:container-demuxer-webm: 4f35f7cbe854078d1ac9338744f61a02 -> 
  custom:container-demuxer-ogg: 62fdf1f143b41e24485cea50d1cbac27 -> 
  custom:video-encoder-webm-vp8: eb34c28f22e8b96e1ab97ce403110664 -> 
  custom:video-decoder-webm-vp8: 9c59270c3fd7afecdb556c50c9e8de78 -> 
  custom:audio-decoder-ogg-vorbis: bf7c407c2cedff20999df2af8eb42d56 -> 
  custom:audio-encoder-webm-vorbis: bf7c407c2cedff20999df2af8eb42d56 -> 
========================================================================
Received Prepare
Registering precompiled user dll's ...
Registered in 0.005859 seconds.
Begin MonoManager ReloadAssembly
Native extension for LinuxStandalone target not found
Native extension for WindowsStandalone target not found
Native extension for OSXStandalone target not found
Native extension for WebGL target not found
Refreshing native plugins compatible for Editor in 0.56 ms, found 2 plugins.
Preloading 0 native plugins for Editor in 0.00 ms.
System.ArgumentNullException: Value cannot be null.
Parameter name: path
  at System.IO.Directory.GetFiles (System.String path, System.String searchPattern) [0x00003] in <695d1cc93cca45069c528c15c9fdd749>:0 
  at Coffee.CSharpCompilerSettings.Core.FindAsmdef (System.String path) [0x00070] in <64ac538fcfe94cc8acaaea1c65f42fdf>:0 
  at Coffee.CSharpCompilerSettings.Core..cctor () [0x00070] in <64ac538fcfe94cc8acaaea1c65f42fdf>:0 
UnityEngine.StackTraceUtility:ExtractStackTrace ()
UnityEngine.DebugLogHandler:LogFormat (UnityEngine.LogType,UnityEngine.Object,string,object[])
UnityEngine.Logger:Log (UnityEngine.LogType,object)
UnityEngine.Debug:LogError (object)
UnityEditor.EditorAssemblies:ProcessInitializeOnLoadAttributes (System.Type[])

Mono: successfully reloaded assembly
- Completed reload, in  1.048 seconds
Domain Reload Profiling:
	ReloadAssembly (1048ms)
		BeginReloadAssembly (179ms)
			ExecutionOrderSort (0ms)
			DisableScriptedObjects (12ms)
			BackupInstance (0ms)
			ReleaseScriptingObjects (0ms)
			CreateAndSetChildDomain (73ms)
		EndReloadAssembly (820ms)
			LoadAssemblies (108ms)
			RebuildTransferFunctionScriptingTraits (0ms)
			SetupTypeCache (258ms)
			ReleaseScriptCaches (1ms)
			RebuildScriptCaches (34ms)
			SetupLoadedEditorAssemblies (287ms)
				LogAssemblyErrors (0ms)
				InitializePlatformSupportModulesInManaged (5ms)
				SetLoadedEditorAssemblies (1ms)
				RefreshPlugins (1ms)
				BeforeProcessingInitializeOnLoad (89ms)
				ProcessInitializeOnLoadAttributes (172ms)
				ProcessInitializeOnLoadMethodAttributes (14ms)
				AfterProcessingInitializeOnLoad (4ms)
				EditorAssembliesLoaded (0ms)
			ExecutionOrderSort2 (0ms)
			AwakeInstancesAfterBackupRestoration (35ms)
Platform modules already initialized, skipping
Refreshing native plugins compatible for Editor in 0.44 ms, found 2 plugins.
Preloading 0 native plugins for Editor in 0.00 ms.
Unloading 3346 Unused Serialized files (Serialized files now loaded: 0)
System memory in use before: 149.8 MB.
System memory in use after: 150.0 MB.

Unloading 16 unused Assets to reduce memory usage. Loaded Objects now: 4188.
Total: 3.162100 ms (FindLiveObjects: 0.316500 ms CreateObjectMapping: 0.117900 ms MarkObjects: 2.702000 ms  DeleteObjects: 0.024700 ms)

AssetImportParameters requested are different than current active one (requested -> active):
  custom:framework-win-MediaFoundation: 216162199b28c13a410421893ffa2e32 -> 
  custom:video-decoder-ogg-theora: a1e56fd34408186e4bbccfd4996cb3dc -> 
  custom:container-muxer-webm: aa71ff27fc2769a1b78a27578f13a17b -> 
  custom:container-demuxer-webm: 4f35f7cbe854078d1ac9338744f61a02 -> 
  custom:container-demuxer-ogg: 62fdf1f143b41e24485cea50d1cbac27 -> 
  custom:video-encoder-webm-vp8: eb34c28f22e8b96e1ab97ce403110664 -> 
  custom:video-decoder-webm-vp8: 9c59270c3fd7afecdb556c50c9e8de78 -> 
  custom:audio-decoder-ogg-vorbis: bf7c407c2cedff20999df2af8eb42d56 -> 
  custom:audio-encoder-webm-vorbis: bf7c407c2cedff20999df2af8eb42d56 -> 
========================================================================
Received Import Request.
  Time since last request: 4413.232815 seconds.
  path: Packages/com.luckyvr.custom_subpackage_b/package.json
  artifactKey: Guid(7f3154904adea924498e9c33f655550f) Importer(815301076,1909f56bfc062723c751e8b465ee728b)
Start importing Packages/com.luckyvr.custom_subpackage_b/package.json using Guid(7f3154904adea924498e9c33f655550f) Importer(815301076,1909f56bfc062723c751e8b465ee728b)  -> (artifact id: '28fb80d67f74c37d91a95c419a7ac76e') in 0.101645 seconds 
========================================================================
Received Import Request.
  Time since last request: 0.541577 seconds.
  path: Packages/com.luckyvr.custom_subpackage_b/Editor
  artifactKey: Guid(4decfe4281a476b4bbcb92772b5efcd2) Importer(815301076,1909f56bfc062723c751e8b465ee728b)
Start importing Packages/com.luckyvr.custom_subpackage_b/Editor using Guid(4decfe4281a476b4bbcb92772b5efcd2) Importer(815301076,1909f56bfc062723c751e8b465ee728b)  -> (artifact id: '760aaaedfeb678c87ded9162185d9000') in 0.002144 seconds 
========================================================================
Received Import Request.
  Time since last request: 12.937026 seconds.
  path: Packages/com.luckyvr.custom_subpackage_a/PackageInstaller.asset
  artifactKey: Guid(2be5676d310c5cf4e91fa57c8c679982) Importer(815301076,1909f56bfc062723c751e8b465ee728b)
Start importing Packages/com.luckyvr.custom_subpackage_a/PackageInstaller.asset using Guid(2be5676d310c5cf4e91fa57c8c679982) Importer(815301076,1909f56bfc062723c751e8b465ee728b)  -> (artifact id: '2bd0d8b8247e2785a3ac4b3be06fd088') in 0.005806 seconds 
========================================================================
Received Import Request.
  Time since last request: 148.562097 seconds.
  path: Packages/com.luckyvr.custom_subpackage_a/package.json
  artifactKey: Guid(a2d7dce5fe7ca0b4daf4eb3582faaf08) Importer(815301076,1909f56bfc062723c751e8b465ee728b)
Start importing Packages/com.luckyvr.custom_subpackage_a/package.json using Guid(a2d7dce5fe7ca0b4daf4eb3582faaf08) Importer(815301076,1909f56bfc062723c751e8b465ee728b)  -> (artifact id: '288b37ff4696097829a62e1a87d80cc7') in 0.006430 seconds 
========================================================================
Received Import Request.
  Time since last request: 52.784190 seconds.
  path: Packages/com.luckyvr.custom_subpackage_b/Editor/LuckyPackageInstallerEditor.cs
  artifactKey: Guid(45ef65fbd6d9cf7489b9a2d9fa97c267) Importer(815301076,1909f56bfc062723c751e8b465ee728b)
Start importing Packages/com.luckyvr.custom_subpackage_b/Editor/LuckyPackageInstallerEditor.cs using Guid(45ef65fbd6d9cf7489b9a2d9fa97c267) Importer(815301076,1909f56bfc062723c751e8b465ee728b)  -> (artifact id: '8278952e6ac0819caee4597362781d11') in 0.002193 seconds 
========================================================================
Received Import Request.
  Time since last request: 1.282578 seconds.
  path: Packages/com.luckyvr.custom_subpackage_b/Editor/LuckyPackageInstaller.Editor.asmdef
  artifactKey: Guid(5ca19a8766aaa7345a8242598852701d) Importer(815301076,1909f56bfc062723c751e8b465ee728b)
Start importing Packages/com.luckyvr.custom_subpackage_b/Editor/LuckyPackageInstaller.Editor.asmdef using Guid(5ca19a8766aaa7345a8242598852701d) Importer(815301076,1909f56bfc062723c751e8b465ee728b)  -> (artifact id: '8fb6af33e04831b25d7d8b3432d80331') in 0.002501 seconds 
========================================================================
Received Import Request.
  Time since last request: 1.402104 seconds.
  path: Packages/com.luckyvr.custom_subpackage_b/Editor/LuckyPackageInstaller.cs
  artifactKey: Guid(5f010acffeb775140a421b3e09d761d1) Importer(815301076,1909f56bfc062723c751e8b465ee728b)
Start importing Packages/com.luckyvr.custom_subpackage_b/Editor/LuckyPackageInstaller.cs using Guid(5f010acffeb775140a421b3e09d761d1) Importer(815301076,1909f56bfc062723c751e8b465ee728b)  -> (artifact id: '1687e620a5ebe2e48c151291e2ec0089') in 0.002293 seconds 
========================================================================
Received Prepare
Registering precompiled user dll's ...
Registered in 0.003618 seconds.
Begin MonoManager ReloadAssembly
Native extension for LinuxStandalone target not found
Native extension for WindowsStandalone target not found
Native extension for OSXStandalone target not found
Native extension for WebGL target not found
Refreshing native plugins compatible for Editor in 0.62 ms, found 2 plugins.
Preloading 0 native plugins for Editor in 0.00 ms.
System.ArgumentNullException: Value cannot be null.
Parameter name: path
  at System.IO.Directory.GetFiles (System.String path, System.String searchPattern) [0x00003] in <695d1cc93cca45069c528c15c9fdd749>:0 
  at Coffee.CSharpCompilerSettings.Core.FindAsmdef (System.String path) [0x00070] in <64ac538fcfe94cc8acaaea1c65f42fdf>:0 
  at Coffee.CSharpCompilerSettings.Core..cctor () [0x00070] in <64ac538fcfe94cc8acaaea1c65f42fdf>:0 
UnityEngine.StackTraceUtility:ExtractStackTrace ()
UnityEngine.DebugLogHandler:LogFormat (UnityEngine.LogType,UnityEngine.Object,string,object[])
UnityEngine.Logger:Log (UnityEngine.LogType,object)
UnityEngine.Debug:LogError (object)
UnityEditor.EditorAssemblies:ProcessInitializeOnLoadAttributes (System.Type[])

Mono: successfully reloaded assembly
- Completed reload, in  0.905 seconds
Domain Reload Profiling:
	ReloadAssembly (905ms)
		BeginReloadAssembly (103ms)
			ExecutionOrderSort (0ms)
			DisableScriptedObjects (3ms)
			BackupInstance (0ms)
			ReleaseScriptingObjects (0ms)
			CreateAndSetChildDomain (35ms)
		EndReloadAssembly (755ms)
			LoadAssemblies (93ms)
			RebuildTransferFunctionScriptingTraits (0ms)
			SetupTypeCache (245ms)
			ReleaseScriptCaches (1ms)
			RebuildScriptCaches (33ms)
			SetupLoadedEditorAssemblies (253ms)
				LogAssemblyErrors (0ms)
				InitializePlatformSupportModulesInManaged (5ms)
				SetLoadedEditorAssemblies (0ms)
				RefreshPlugins (1ms)
				BeforeProcessingInitializeOnLoad (78ms)
				ProcessInitializeOnLoadAttributes (148ms)
				ProcessInitializeOnLoadMethodAttributes (15ms)
				AfterProcessingInitializeOnLoad (4ms)
				EditorAssembliesLoaded (0ms)
			ExecutionOrderSort2 (0ms)
			AwakeInstancesAfterBackupRestoration (32ms)
Platform modules already initialized, skipping
Refreshing native plugins compatible for Editor in 0.40 ms, found 2 plugins.
Preloading 0 native plugins for Editor in 0.00 ms.
Unloading 3344 Unused Serialized files (Serialized files now loaded: 0)
System memory in use before: 149.8 MB.
System memory in use after: 150.0 MB.

Unloading 18 unused Assets to reduce memory usage. Loaded Objects now: 4189.
Total: 2.602400 ms (FindLiveObjects: 0.227600 ms CreateObjectMapping: 0.086700 ms MarkObjects: 2.263600 ms  DeleteObjects: 0.023500 ms)

AssetImportParameters requested are different than current active one (requested -> active):
  custom:framework-win-MediaFoundation: 216162199b28c13a410421893ffa2e32 -> 
  custom:video-decoder-ogg-theora: a1e56fd34408186e4bbccfd4996cb3dc -> 
  custom:container-muxer-webm: aa71ff27fc2769a1b78a27578f13a17b -> 
  custom:container-demuxer-webm: 4f35f7cbe854078d1ac9338744f61a02 -> 
  custom:container-demuxer-ogg: 62fdf1f143b41e24485cea50d1cbac27 -> 
  custom:video-encoder-webm-vp8: eb34c28f22e8b96e1ab97ce403110664 -> 
  custom:video-decoder-webm-vp8: 9c59270c3fd7afecdb556c50c9e8de78 -> 
  custom:audio-decoder-ogg-vorbis: bf7c407c2cedff20999df2af8eb42d56 -> 
  custom:audio-encoder-webm-vorbis: bf7c407c2cedff20999df2af8eb42d56 -> 
========================================================================
Received Prepare
Registering precompiled user dll's ...
Registered in 0.003371 seconds.
Begin MonoManager ReloadAssembly
Native extension for LinuxStandalone target not found
Native extension for WindowsStandalone target not found
Native extension for OSXStandalone target not found
Native extension for WebGL target not found
Refreshing native plugins compatible for Editor in 0.76 ms, found 2 plugins.
Preloading 0 native plugins for Editor in 0.00 ms.
System.ArgumentNullException: Value cannot be null.
Parameter name: path
  at System.IO.Directory.GetFiles (System.String path, System.String searchPattern) [0x00003] in <695d1cc93cca45069c528c15c9fdd749>:0 
  at Coffee.CSharpCompilerSettings.Core.FindAsmdef (System.String path) [0x00070] in <64ac538fcfe94cc8acaaea1c65f42fdf>:0 
  at Coffee.CSharpCompilerSettings.Core..cctor () [0x00070] in <64ac538fcfe94cc8acaaea1c65f42fdf>:0 
UnityEngine.StackTraceUtility:ExtractStackTrace ()
UnityEngine.DebugLogHandler:LogFormat (UnityEngine.LogType,UnityEngine.Object,string,object[])
UnityEngine.Logger:Log (UnityEngine.LogType,object)
UnityEngine.Debug:LogError (object)
UnityEditor.EditorAssemblies:ProcessInitializeOnLoadAttributes (System.Type[])

Mono: successfully reloaded assembly
- Completed reload, in  1.016 seconds
Domain Reload Profiling:
	ReloadAssembly (1017ms)
		BeginReloadAssembly (85ms)
			ExecutionOrderSort (0ms)
			DisableScriptedObjects (4ms)
			BackupInstance (0ms)
			ReleaseScriptingObjects (0ms)
			CreateAndSetChildDomain (26ms)
		EndReloadAssembly (879ms)
			LoadAssemblies (86ms)
			RebuildTransferFunctionScriptingTraits (0ms)
			SetupTypeCache (275ms)
			ReleaseScriptCaches (1ms)
			RebuildScriptCaches (32ms)
			SetupLoadedEditorAssemblies (334ms)
				LogAssemblyErrors (0ms)
				InitializePlatformSupportModulesInManaged (7ms)
				SetLoadedEditorAssemblies (0ms)
				RefreshPlugins (1ms)
				BeforeProcessingInitializeOnLoad (95ms)
				ProcessInitializeOnLoadAttributes (200ms)
				ProcessInitializeOnLoadMethodAttributes (24ms)
				AfterProcessingInitializeOnLoad (6ms)
				EditorAssembliesLoaded (0ms)
			ExecutionOrderSort2 (0ms)
			AwakeInstancesAfterBackupRestoration (47ms)
Platform modules already initialized, skipping
Refreshing native plugins compatible for Editor in 0.42 ms, found 2 plugins.
Preloading 0 native plugins for Editor in 0.00 ms.
Unloading 3346 Unused Serialized files (Serialized files now loaded: 0)
System memory in use before: 149.8 MB.
System memory in use after: 150.1 MB.

Unloading 16 unused Assets to reduce memory usage. Loaded Objects now: 4194.
Total: 5.882700 ms (FindLiveObjects: 0.302600 ms CreateObjectMapping: 0.093200 ms MarkObjects: 5.455300 ms  DeleteObjects: 0.030300 ms)

AssetImportParameters requested are different than current active one (requested -> active):
  custom:framework-win-MediaFoundation: 216162199b28c13a410421893ffa2e32 -> 
  custom:video-decoder-ogg-theora: a1e56fd34408186e4bbccfd4996cb3dc -> 
  custom:container-muxer-webm: aa71ff27fc2769a1b78a27578f13a17b -> 
  custom:container-demuxer-webm: 4f35f7cbe854078d1ac9338744f61a02 -> 
  custom:container-demuxer-ogg: 62fdf1f143b41e24485cea50d1cbac27 -> 
  custom:video-encoder-webm-vp8: eb34c28f22e8b96e1ab97ce403110664 -> 
  custom:video-decoder-webm-vp8: 9c59270c3fd7afecdb556c50c9e8de78 -> 
  custom:audio-decoder-ogg-vorbis: bf7c407c2cedff20999df2af8eb42d56 -> 
  custom:audio-encoder-webm-vorbis: bf7c407c2cedff20999df2af8eb42d56 -> 
========================================================================
Received Import Request.
  Time since last request: 384.588943 seconds.
  path: Packages/com.luckyvr.custom_subpackage_b/Editor/LuckyPackageInstaller.Editor.asmdef
  artifactKey: Guid(5ca19a8766aaa7345a8242598852701d) Importer(815301076,1909f56bfc062723c751e8b465ee728b)
Start importing Packages/com.luckyvr.custom_subpackage_b/Editor/LuckyPackageInstaller.Editor.asmdef using Guid(5ca19a8766aaa7345a8242598852701d) Importer(815301076,1909f56bfc062723c751e8b465ee728b)  -> (artifact id: '059a21589163403424c3066b8f596edd') in 0.004450 seconds 
========================================================================
Received Prepare
Registering precompiled user dll's ...
Registered in 0.006144 seconds.
Begin MonoManager ReloadAssembly
Native extension for LinuxStandalone target not found
Native extension for WindowsStandalone target not found
Native extension for OSXStandalone target not found
Native extension for WebGL target not found
Refreshing native plugins compatible for Editor in 0.44 ms, found 2 plugins.
Preloading 0 native plugins for Editor in 0.00 ms.
System.ArgumentNullException: Value cannot be null.
Parameter name: path
  at System.IO.Directory.GetFiles (System.String path, System.String searchPattern) [0x00003] in <695d1cc93cca45069c528c15c9fdd749>:0 
  at Coffee.CSharpCompilerSettings.Core.FindAsmdef (System.String path) [0x00070] in <64ac538fcfe94cc8acaaea1c65f42fdf>:0 
  at Coffee.CSharpCompilerSettings.Core..cctor () [0x00070] in <64ac538fcfe94cc8acaaea1c65f42fdf>:0 
UnityEngine.StackTraceUtility:ExtractStackTrace ()
UnityEngine.DebugLogHandler:LogFormat (UnityEngine.LogType,UnityEngine.Object,string,object[])
UnityEngine.Logger:Log (UnityEngine.LogType,object)
UnityEngine.Debug:LogError (object)
UnityEditor.EditorAssemblies:ProcessInitializeOnLoadAttributes (System.Type[])

Mono: successfully reloaded assembly
- Completed reload, in  1.151 seconds
Domain Reload Profiling:
	ReloadAssembly (1152ms)
		BeginReloadAssembly (126ms)
			ExecutionOrderSort (0ms)
			DisableScriptedObjects (7ms)
			BackupInstance (0ms)
			ReleaseScriptingObjects (0ms)
			CreateAndSetChildDomain (45ms)
		EndReloadAssembly (969ms)
			LoadAssemblies (102ms)
			RebuildTransferFunctionScriptingTraits (0ms)
			SetupTypeCache (325ms)
			ReleaseScriptCaches (4ms)
			RebuildScriptCaches (50ms)
			SetupLoadedEditorAssemblies (293ms)
				LogAssemblyErrors (0ms)
				InitializePlatformSupportModulesInManaged (6ms)
				SetLoadedEditorAssemblies (0ms)
				RefreshPlugins (0ms)
				BeforeProcessingInitializeOnLoad (96ms)
				ProcessInitializeOnLoadAttributes (170ms)
				ProcessInitializeOnLoadMethodAttributes (14ms)
				AfterProcessingInitializeOnLoad (5ms)
				EditorAssembliesLoaded (0ms)
			ExecutionOrderSort2 (0ms)
			AwakeInstancesAfterBackupRestoration (38ms)
Platform modules already initialized, skipping
Refreshing native plugins compatible for Editor in 0.39 ms, found 2 plugins.
Preloading 0 native plugins for Editor in 0.00 ms.
Unloading 3346 Unused Serialized files (Serialized files now loaded: 0)
System memory in use before: 149.8 MB.
System memory in use after: 150.1 MB.

Unloading 16 unused Assets to reduce memory usage. Loaded Objects now: 4197.
Total: 2.577000 ms (FindLiveObjects: 0.200100 ms CreateObjectMapping: 0.096800 ms MarkObjects: 2.260100 ms  DeleteObjects: 0.019300 ms)

AssetImportParameters requested are different than current active one (requested -> active):
  custom:framework-win-MediaFoundation: 216162199b28c13a410421893ffa2e32 -> 
  custom:video-decoder-ogg-theora: a1e56fd34408186e4bbccfd4996cb3dc -> 
  custom:container-muxer-webm: aa71ff27fc2769a1b78a27578f13a17b -> 
  custom:container-demuxer-webm: 4f35f7cbe854078d1ac9338744f61a02 -> 
  custom:container-demuxer-ogg: 62fdf1f143b41e24485cea50d1cbac27 -> 
  custom:video-encoder-webm-vp8: eb34c28f22e8b96e1ab97ce403110664 -> 
  custom:video-decoder-webm-vp8: 9c59270c3fd7afecdb556c50c9e8de78 -> 
  custom:audio-decoder-ogg-vorbis: bf7c407c2cedff20999df2af8eb42d56 -> 
  custom:audio-encoder-webm-vorbis: bf7c407c2cedff20999df2af8eb42d56 -> 
========================================================================
Received Import Request.
  Time since last request: 503.912869 seconds.
  path: Packages/com.luckyvr.custom_subpackage_b/package.json
  artifactKey: Guid(7f3154904adea924498e9c33f655550f) Importer(815301076,1909f56bfc062723c751e8b465ee728b)
Start importing Packages/com.luckyvr.custom_subpackage_b/package.json using Guid(7f3154904adea924498e9c33f655550f) Importer(815301076,1909f56bfc062723c751e8b465ee728b)  -> (artifact id: '78fe3993934a26e48edac94cfb499bfa') in 0.026459 seconds 
========================================================================
Received Import Request.
  Time since last request: 1.306997 seconds.
  path: Packages/com.luckyvr.custom_subpackage_b/Editor/LuckyPackageInstaller.Editor.asmdef
  artifactKey: Guid(5ca19a8766aaa7345a8242598852701d) Importer(815301076,1909f56bfc062723c751e8b465ee728b)
Start importing Packages/com.luckyvr.custom_subpackage_b/Editor/LuckyPackageInstaller.Editor.asmdef using Guid(5ca19a8766aaa7345a8242598852701d) Importer(815301076,1909f56bfc062723c751e8b465ee728b)  -> (artifact id: 'e908805bfc1a86ae218ed39f0a1caeb4') in 0.002564 seconds 
========================================================================
Received Import Request.
  Time since last request: 0.578003 seconds.
  path: Packages/com.luckyvr.custom_subpackage_b/Editor/LuckyPackageInstallerEditor.cs
  artifactKey: Guid(45ef65fbd6d9cf7489b9a2d9fa97c267) Importer(815301076,1909f56bfc062723c751e8b465ee728b)
Start importing Packages/com.luckyvr.custom_subpackage_b/Editor/LuckyPackageInstallerEditor.cs using Guid(45ef65fbd6d9cf7489b9a2d9fa97c267) Importer(815301076,1909f56bfc062723c751e8b465ee728b)  -> (artifact id: '270954e6e4ec33aa5701bfe882011dfc') in 0.002156 seconds 
========================================================================
Received Prepare
Registering precompiled user dll's ...
Registered in 0.005440 seconds.
Begin MonoManager ReloadAssembly
Native extension for LinuxStandalone target not found
Native extension for WindowsStandalone target not found
Native extension for OSXStandalone target not found
Native extension for WebGL target not found
Refreshing native plugins compatible for Editor in 0.50 ms, found 2 plugins.
Preloading 0 native plugins for Editor in 0.00 ms.
System.ArgumentNullException: Value cannot be null.
Parameter name: path
  at System.IO.Directory.GetFiles (System.String path, System.String searchPattern) [0x00003] in <695d1cc93cca45069c528c15c9fdd749>:0 
  at Coffee.CSharpCompilerSettings.Core.FindAsmdef (System.String path) [0x00070] in <64ac538fcfe94cc8acaaea1c65f42fdf>:0 
  at Coffee.CSharpCompilerSettings.Core..cctor () [0x00070] in <64ac538fcfe94cc8acaaea1c65f42fdf>:0 
UnityEngine.StackTraceUtility:ExtractStackTrace ()
UnityEngine.DebugLogHandler:LogFormat (UnityEngine.LogType,UnityEngine.Object,string,object[])
UnityEngine.Logger:Log (UnityEngine.LogType,object)
UnityEngine.Debug:LogError (object)
UnityEditor.EditorAssemblies:ProcessInitializeOnLoadAttributes (System.Type[])

Mono: successfully reloaded assembly
- Completed reload, in  1.335 seconds
Domain Reload Profiling:
	ReloadAssembly (1335ms)
		BeginReloadAssembly (191ms)
			ExecutionOrderSort (0ms)
			DisableScriptedObjects (12ms)
			BackupInstance (0ms)
			ReleaseScriptingObjects (0ms)
			CreateAndSetChildDomain (69ms)
		EndReloadAssembly (1042ms)
			LoadAssemblies (126ms)
			RebuildTransferFunctionScriptingTraits (0ms)
			SetupTypeCache (476ms)
			ReleaseScriptCaches (1ms)
			RebuildScriptCaches (38ms)
			SetupLoadedEditorAssemblies (281ms)
				LogAssemblyErrors (0ms)
				InitializePlatformSupportModulesInManaged (5ms)
				SetLoadedEditorAssemblies (0ms)
				RefreshPlugins (1ms)
				BeforeProcessingInitializeOnLoad (88ms)
				ProcessInitializeOnLoadAttributes (166ms)
				ProcessInitializeOnLoadMethodAttributes (15ms)
				AfterProcessingInitializeOnLoad (5ms)
				EditorAssembliesLoaded (0ms)
			ExecutionOrderSort2 (0ms)
			AwakeInstancesAfterBackupRestoration (36ms)
Platform modules already initialized, skipping
Refreshing native plugins compatible for Editor in 0.72 ms, found 2 plugins.
Preloading 0 native plugins for Editor in 0.00 ms.
Unloading 3346 Unused Serialized files (Serialized files now loaded: 0)
System memory in use before: 149.9 MB.
System memory in use after: 150.1 MB.

Unloading 16 unused Assets to reduce memory usage. Loaded Objects now: 4200.
Total: 2.865200 ms (FindLiveObjects: 0.196900 ms CreateObjectMapping: 0.143800 ms MarkObjects: 2.503600 ms  DeleteObjects: 0.020100 ms)

AssetImportParameters requested are different than current active one (requested -> active):
  custom:framework-win-MediaFoundation: 216162199b28c13a410421893ffa2e32 -> 
  custom:video-decoder-ogg-theora: a1e56fd34408186e4bbccfd4996cb3dc -> 
  custom:container-muxer-webm: aa71ff27fc2769a1b78a27578f13a17b -> 
  custom:container-demuxer-webm: 4f35f7cbe854078d1ac9338744f61a02 -> 
  custom:container-demuxer-ogg: 62fdf1f143b41e24485cea50d1cbac27 -> 
  custom:video-encoder-webm-vp8: eb34c28f22e8b96e1ab97ce403110664 -> 
  custom:video-decoder-webm-vp8: 9c59270c3fd7afecdb556c50c9e8de78 -> 
  custom:audio-decoder-ogg-vorbis: bf7c407c2cedff20999df2af8eb42d56 -> 
  custom:audio-encoder-webm-vorbis: bf7c407c2cedff20999df2af8eb42d56 -> 
========================================================================
Received Prepare
Registering precompiled user dll's ...
Registered in 0.005575 seconds.
Begin MonoManager ReloadAssembly
Native extension for LinuxStandalone target not found
Native extension for WindowsStandalone target not found
Native extension for OSXStandalone target not found
Native extension for WebGL target not found
Refreshing native plugins compatible for Editor in 0.42 ms, found 2 plugins.
Preloading 0 native plugins for Editor in 0.00 ms.
System.ArgumentNullException: Value cannot be null.
Parameter name: path
  at System.IO.Directory.GetFiles (System.String path, System.String searchPattern) [0x00003] in <695d1cc93cca45069c528c15c9fdd749>:0 
  at Coffee.CSharpCompilerSettings.Core.FindAsmdef (System.String path) [0x00070] in <64ac538fcfe94cc8acaaea1c65f42fdf>:0 
  at Coffee.CSharpCompilerSettings.Core..cctor () [0x00070] in <64ac538fcfe94cc8acaaea1c65f42fdf>:0 
UnityEngine.StackTraceUtility:ExtractStackTrace ()
UnityEngine.DebugLogHandler:LogFormat (UnityEngine.LogType,UnityEngine.Object,string,object[])
UnityEngine.Logger:Log (UnityEngine.LogType,object)
UnityEngine.Debug:LogError (object)
UnityEditor.EditorAssemblies:ProcessInitializeOnLoadAttributes (System.Type[])

Mono: successfully reloaded assembly
- Completed reload, in  0.958 seconds
Domain Reload Profiling:
	ReloadAssembly (959ms)
		BeginReloadAssembly (120ms)
			ExecutionOrderSort (0ms)
			DisableScriptedObjects (6ms)
			BackupInstance (0ms)
			ReleaseScriptingObjects (0ms)
			CreateAndSetChildDomain (35ms)
		EndReloadAssembly (784ms)
			LoadAssemblies (99ms)
			RebuildTransferFunctionScriptingTraits (0ms)
			SetupTypeCache (240ms)
			ReleaseScriptCaches (1ms)
			RebuildScriptCaches (41ms)
			SetupLoadedEditorAssemblies (268ms)
				LogAssemblyErrors (0ms)
				InitializePlatformSupportModulesInManaged (5ms)
				SetLoadedEditorAssemblies (0ms)
				RefreshPlugins (0ms)
				BeforeProcessingInitializeOnLoad (82ms)
				ProcessInitializeOnLoadAttributes (160ms)
				ProcessInitializeOnLoadMethodAttributes (14ms)
				AfterProcessingInitializeOnLoad (5ms)
				EditorAssembliesLoaded (0ms)
			ExecutionOrderSort2 (0ms)
			AwakeInstancesAfterBackupRestoration (35ms)
Platform modules already initialized, skipping
Refreshing native plugins compatible for Editor in 0.63 ms, found 2 plugins.
Preloading 0 native plugins for Editor in 0.00 ms.
Unloading 3346 Unused Serialized files (Serialized files now loaded: 0)
System memory in use before: 149.9 MB.
System memory in use after: 150.1 MB.

Unloading 16 unused Assets to reduce memory usage. Loaded Objects now: 4203.
Total: 5.610600 ms (FindLiveObjects: 0.205000 ms CreateObjectMapping: 0.088300 ms MarkObjects: 5.293300 ms  DeleteObjects: 0.022800 ms)

AssetImportParameters requested are different than current active one (requested -> active):
  custom:framework-win-MediaFoundation: 216162199b28c13a410421893ffa2e32 -> 
  custom:video-decoder-ogg-theora: a1e56fd34408186e4bbccfd4996cb3dc -> 
  custom:container-muxer-webm: aa71ff27fc2769a1b78a27578f13a17b -> 
  custom:container-demuxer-webm: 4f35f7cbe854078d1ac9338744f61a02 -> 
  custom:container-demuxer-ogg: 62fdf1f143b41e24485cea50d1cbac27 -> 
  custom:video-encoder-webm-vp8: eb34c28f22e8b96e1ab97ce403110664 -> 
  custom:video-decoder-webm-vp8: 9c59270c3fd7afecdb556c50c9e8de78 -> 
  custom:audio-decoder-ogg-vorbis: bf7c407c2cedff20999df2af8eb42d56 -> 
  custom:audio-encoder-webm-vorbis: bf7c407c2cedff20999df2af8eb42d56 -> 
========================================================================
Received Import Request.
  Time since last request: 3564.024892 seconds.
  path: Assets/AddressableAssetsData/AssetGroups/Default Local Group.asset
  artifactKey: Guid(6f0f56e6039fa6d4f982c1025b2ba5d2) Importer(815301076,1909f56bfc062723c751e8b465ee728b)
Start importing Assets/AddressableAssetsData/AssetGroups/Default Local Group.asset using Guid(6f0f56e6039fa6d4f982c1025b2ba5d2) Importer(815301076,1909f56bfc062723c751e8b465ee728b)  -> (artifact id: '722d25dad4d5e1db3a1aa8a943533b92') in 0.033050 seconds 
========================================================================
Received Import Request.
  Time since last request: 117.635586 seconds.
  path: Packages/com.luckyvr.custom_subpackage_a/package.json
  artifactKey: Guid(a2d7dce5fe7ca0b4daf4eb3582faaf08) Importer(815301076,1909f56bfc062723c751e8b465ee728b)
Start importing Packages/com.luckyvr.custom_subpackage_a/package.json using Guid(a2d7dce5fe7ca0b4daf4eb3582faaf08) Importer(815301076,1909f56bfc062723c751e8b465ee728b)  -> (artifact id: 'bdc918ed6c7b56658f1948294fc4ab95') in 0.002797 seconds 
========================================================================
Received Import Request.
  Time since last request: 1447.344293 seconds.
  path: Packages/com.luckyvr.custom_subpackage_a/PackageInstaller3.asset
  artifactKey: Guid(2be5676d310c5cf4e91fa57c8c679982) Importer(815301076,1909f56bfc062723c751e8b465ee728b)
Start importing Packages/com.luckyvr.custom_subpackage_a/PackageInstaller3.asset using Guid(2be5676d310c5cf4e91fa57c8c679982) Importer(815301076,1909f56bfc062723c751e8b465ee728b)  -> (artifact id: '64be93c8b8f0d84caa4d579faafdc464') in 0.004245 seconds 
========================================================================
Received Import Request.
  Time since last request: 17563.772572 seconds.
  path: Packages/com.luckyvr.custom_subpackage_a/package.json
  artifactKey: Guid(a2d7dce5fe7ca0b4daf4eb3582faaf08) Importer(815301076,1909f56bfc062723c751e8b465ee728b)
Start importing Packages/com.luckyvr.custom_subpackage_a/package.json using Guid(a2d7dce5fe7ca0b4daf4eb3582faaf08) Importer(815301076,1909f56bfc062723c751e8b465ee728b)  -> (artifact id: 'bdf0bb6102d9a10236e4117a08e93656') in 0.025212 seconds 
========================================================================
Received Import Request.
  Time since last request: 366.034100 seconds.
  path: Packages/com.luckyvr.custom_subpackage_a/Runtime/TestScriptC.cs
  artifactKey: Guid(8fdbf4b044afe6f4abee7ef55c0bfe24) Importer(815301076,1909f56bfc062723c751e8b465ee728b)
Start importing Packages/com.luckyvr.custom_subpackage_a/Runtime/TestScriptC.cs using Guid(8fdbf4b044afe6f4abee7ef55c0bfe24) Importer(815301076,1909f56bfc062723c751e8b465ee728b)  -> (artifact id: '5e9de30cf8f586ebf3541fe028efe4d7') in 0.003000 seconds 
========================================================================
Received Prepare
Registering precompiled user dll's ...
Registered in 0.006788 seconds.
Begin MonoManager ReloadAssembly
Native extension for LinuxStandalone target not found
Native extension for WindowsStandalone target not found
Native extension for OSXStandalone target not found
Native extension for WebGL target not found
Refreshing native plugins compatible for Editor in 0.39 ms, found 2 plugins.
Preloading 0 native plugins for Editor in 0.00 ms.
System.ArgumentNullException: Value cannot be null.
Parameter name: path
  at System.IO.Directory.GetFiles (System.String path, System.String searchPattern) [0x00003] in <695d1cc93cca45069c528c15c9fdd749>:0 
  at Coffee.CSharpCompilerSettings.Core.FindAsmdef (System.String path) [0x00070] in <64ac538fcfe94cc8acaaea1c65f42fdf>:0 
  at Coffee.CSharpCompilerSettings.Core..cctor () [0x00070] in <64ac538fcfe94cc8acaaea1c65f42fdf>:0 
UnityEngine.StackTraceUtility:ExtractStackTrace ()
UnityEngine.DebugLogHandler:LogFormat (UnityEngine.LogType,UnityEngine.Object,string,object[])
UnityEngine.Logger:Log (UnityEngine.LogType,object)
UnityEngine.Debug:LogError (object)
UnityEditor.EditorAssemblies:ProcessInitializeOnLoadAttributes (System.Type[])

Mono: successfully reloaded assembly
- Completed reload, in  0.991 seconds
Domain Reload Profiling:
	ReloadAssembly (992ms)
		BeginReloadAssembly (186ms)
			ExecutionOrderSort (0ms)
			DisableScriptedObjects (16ms)
			BackupInstance (0ms)
			ReleaseScriptingObjects (0ms)
			CreateAndSetChildDomain (86ms)
		EndReloadAssembly (757ms)
			LoadAssemblies (92ms)
			RebuildTransferFunctionScriptingTraits (0ms)
			SetupTypeCache (233ms)
			ReleaseScriptCaches (1ms)
			RebuildScriptCaches (33ms)
			SetupLoadedEditorAssemblies (263ms)
				LogAssemblyErrors (0ms)
				InitializePlatformSupportModulesInManaged (5ms)
				SetLoadedEditorAssemblies (0ms)
				RefreshPlugins (0ms)
				BeforeProcessingInitializeOnLoad (81ms)
				ProcessInitializeOnLoadAttributes (156ms)
				ProcessInitializeOnLoadMethodAttributes (15ms)
				AfterProcessingInitializeOnLoad (5ms)
				EditorAssembliesLoaded (0ms)
			ExecutionOrderSort2 (0ms)
			AwakeInstancesAfterBackupRestoration (38ms)
Platform modules already initialized, skipping
Refreshing native plugins compatible for Editor in 0.44 ms, found 2 plugins.
Preloading 0 native plugins for Editor in 0.00 ms.
Unloading 3346 Unused Serialized files (Serialized files now loaded: 0)
System memory in use before: 149.9 MB.
System memory in use after: 150.1 MB.

Unloading 16 unused Assets to reduce memory usage. Loaded Objects now: 4206.
Total: 2.503200 ms (FindLiveObjects: 0.165400 ms CreateObjectMapping: 0.079100 ms MarkObjects: 2.238100 ms  DeleteObjects: 0.020100 ms)

AssetImportParameters requested are different than current active one (requested -> active):
  custom:framework-win-MediaFoundation: 216162199b28c13a410421893ffa2e32 -> 
  custom:video-decoder-ogg-theora: a1e56fd34408186e4bbccfd4996cb3dc -> 
  custom:container-muxer-webm: aa71ff27fc2769a1b78a27578f13a17b -> 
  custom:container-demuxer-webm: 4f35f7cbe854078d1ac9338744f61a02 -> 
  custom:container-demuxer-ogg: 62fdf1f143b41e24485cea50d1cbac27 -> 
  custom:video-encoder-webm-vp8: eb34c28f22e8b96e1ab97ce403110664 -> 
  custom:video-decoder-webm-vp8: 9c59270c3fd7afecdb556c50c9e8de78 -> 
  custom:audio-decoder-ogg-vorbis: bf7c407c2cedff20999df2af8eb42d56 -> 
  custom:audio-encoder-webm-vorbis: bf7c407c2cedff20999df2af8eb42d56 -> 
AssetImportWorkerClient::OnTransportError - code=2 error=End of file
