Using pre-set license
Built from '2020.3/staging' branch; Version is '2020.3.32f1 (12f8b0834f07) revision 1243312'; Using compiler version '192528614'; Build Type 'Release'
OS: 'Windows 11  (10.0.22000) 64bit Core' Language: 'en' Physical Memory: 32605 MB
BatchMode: 1, IsHumanControllingUs: 0, StartBugReporterOnCrash: 0, Is64bit: 1, IsPro: 0

COMMAND LINE ARGUMENTS:
C:\Users\yuepr\OneDrive\Desktop\Work\2020.3.32f1\Editor\Unity.exe
-adb2
-batchMode
-noUpm
-name
AssetImportWorker0
-projectPath
C:/Users/yuepr/OneDrive/Desktop/Project/AddressableTest/SubB
-logFile
Logs/AssetImportWorker0.log
-srvPort
50593
Successfully changed project path to: C:/Users/yuepr/OneDrive/Desktop/Project/AddressableTest/SubB
C:/Users/yuepr/OneDrive/Desktop/Project/AddressableTest/SubB
Using Asset Import Pipeline V2.
Refreshing native plugins compatible for Editor in 37.26 ms, found 2 plugins.
Preloading 0 native plugins for Editor in 0.00 ms.
Initialize engine version: 2020.3.32f1 (12f8b0834f07)
[Subsystems] Discovering subsystems at path C:/Users/yuepr/OneDrive/Desktop/Work/2020.3.32f1/Editor/Data/Resources/UnitySubsystems
[Subsystems] Discovering subsystems at path C:/Users/yuepr/OneDrive/Desktop/Project/AddressableTest/SubB/Assets
GfxDevice: creating device client; threaded=0
Direct3D:
    Version:  Direct3D 11.0 [level 11.1]
    Renderer: NVIDIA GeForce RTX 3070 (ID=0x2488)
    Vendor:   
    VRAM:     8043 MB
    Driver:   30.0.14.9613
Initialize mono
Mono path[0] = 'C:/Users/yuepr/OneDrive/Desktop/Work/2020.3.32f1/Editor/Data/Managed'
Mono path[1] = 'C:/Users/yuepr/OneDrive/Desktop/Work/2020.3.32f1/Editor/Data/MonoBleedingEdge/lib/mono/unityjit'
Mono config path = 'C:/Users/yuepr/OneDrive/Desktop/Work/2020.3.32f1/Editor/Data/MonoBleedingEdge/etc'
Using monoOptions --debugger-agent=transport=dt_socket,embedding=1,server=y,suspend=n,address=127.0.0.1:56276
Begin MonoManager ReloadAssembly
Registering precompiled unity dll's ...
Register platform support module: C:/Users/yuepr/OneDrive/Desktop/Work/2020.3.32f1/Editor/Data/PlaybackEngines/WebGLSupport/UnityEditor.WebGL.Extensions.dll
Register platform support module: C:/Users/yuepr/OneDrive/Desktop/Work/2020.3.32f1/Editor/Data/PlaybackEngines/MacStandaloneSupport/UnityEditor.OSXStandalone.Extensions.dll
Register platform support module: C:/Users/yuepr/OneDrive/Desktop/Work/2020.3.32f1/Editor/Data/PlaybackEngines/WindowsStandaloneSupport/UnityEditor.WindowsStandalone.Extensions.dll
Register platform support module: C:/Users/yuepr/OneDrive/Desktop/Work/2020.3.32f1/Editor/Data/PlaybackEngines/LinuxStandaloneSupport/UnityEditor.LinuxStandalone.Extensions.dll
Registered in 0.002140 seconds.
Native extension for LinuxStandalone target not found
Native extension for WindowsStandalone target not found
Native extension for OSXStandalone target not found
Native extension for WebGL target not found
Refreshing native plugins compatible for Editor in 37.42 ms, found 2 plugins.
Preloading 0 native plugins for Editor in 0.00 ms.
Mono: successfully reloaded assembly
- Completed reload, in  0.444 seconds
Domain Reload Profiling:
	ReloadAssembly (444ms)
		BeginReloadAssembly (45ms)
			ExecutionOrderSort (0ms)
			DisableScriptedObjects (0ms)
			BackupInstance (0ms)
			ReleaseScriptingObjects (0ms)
			CreateAndSetChildDomain (1ms)
		EndReloadAssembly (347ms)
			LoadAssemblies (43ms)
			RebuildTransferFunctionScriptingTraits (0ms)
			SetupTypeCache (122ms)
			ReleaseScriptCaches (0ms)
			RebuildScriptCaches (21ms)
			SetupLoadedEditorAssemblies (130ms)
				LogAssemblyErrors (0ms)
				InitializePlatformSupportModulesInManaged (6ms)
				SetLoadedEditorAssemblies (0ms)
				RefreshPlugins (37ms)
				BeforeProcessingInitializeOnLoad (9ms)
				ProcessInitializeOnLoadAttributes (58ms)
				ProcessInitializeOnLoadMethodAttributes (19ms)
				AfterProcessingInitializeOnLoad (0ms)
				EditorAssembliesLoaded (0ms)
			ExecutionOrderSort2 (0ms)
			AwakeInstancesAfterBackupRestoration (0ms)
Platform modules already initialized, skipping
Registering precompiled user dll's ...
Registered in 0.002427 seconds.
Begin MonoManager ReloadAssembly
Native extension for LinuxStandalone target not found
Native extension for WindowsStandalone target not found
Native extension for OSXStandalone target not found
Native extension for WebGL target not found
Refreshing native plugins compatible for Editor in 40.35 ms, found 2 plugins.
Preloading 0 native plugins for Editor in 0.00 ms.
Mono: successfully reloaded assembly
- Completed reload, in  0.788 seconds
Domain Reload Profiling:
	ReloadAssembly (788ms)
		BeginReloadAssembly (101ms)
			ExecutionOrderSort (0ms)
			DisableScriptedObjects (3ms)
			BackupInstance (0ms)
			ReleaseScriptingObjects (0ms)
			CreateAndSetChildDomain (15ms)
		EndReloadAssembly (646ms)
			LoadAssemblies (66ms)
			RebuildTransferFunctionScriptingTraits (0ms)
			SetupTypeCache (209ms)
			ReleaseScriptCaches (0ms)
			RebuildScriptCaches (35ms)
			SetupLoadedEditorAssemblies (254ms)
				LogAssemblyErrors (0ms)
				InitializePlatformSupportModulesInManaged (5ms)
				SetLoadedEditorAssemblies (0ms)
				RefreshPlugins (40ms)
				BeforeProcessingInitializeOnLoad (61ms)
				ProcessInitializeOnLoadAttributes (137ms)
				ProcessInitializeOnLoadMethodAttributes (7ms)
				AfterProcessingInitializeOnLoad (4ms)
				EditorAssembliesLoaded (0ms)
			ExecutionOrderSort2 (0ms)
			AwakeInstancesAfterBackupRestoration (4ms)
Platform modules already initialized, skipping
========================================================================
Worker process is ready to serve import requests
Launched and connected shader compiler UnityShaderCompiler.exe after 0.04 seconds
Refreshing native plugins compatible for Editor in 0.59 ms, found 2 plugins.
Preloading 0 native plugins for Editor in 0.00 ms.
Unloading 2814 Unused Serialized files (Serialized files now loaded: 0)
System memory in use before: 127.6 MB.
System memory in use after: 127.8 MB.

Unloading 17 unused Assets to reduce memory usage. Loaded Objects now: 3250.
Total: 4.853200 ms (FindLiveObjects: 0.588800 ms CreateObjectMapping: 0.260300 ms MarkObjects: 3.920100 ms  DeleteObjects: 0.082500 ms)

AssetImportParameters requested are different than current active one (requested -> active):
  custom:framework-win-MediaFoundation: 216162199b28c13a410421893ffa2e32 -> 
  custom:video-decoder-ogg-theora: a1e56fd34408186e4bbccfd4996cb3dc -> 
  custom:container-muxer-webm: aa71ff27fc2769a1b78a27578f13a17b -> 
  custom:container-demuxer-webm: 4f35f7cbe854078d1ac9338744f61a02 -> 
  custom:container-demuxer-ogg: 62fdf1f143b41e24485cea50d1cbac27 -> 
  custom:video-encoder-webm-vp8: eb34c28f22e8b96e1ab97ce403110664 -> 
  custom:video-decoder-webm-vp8: 9c59270c3fd7afecdb556c50c9e8de78 -> 
  custom:audio-decoder-ogg-vorbis: bf7c407c2cedff20999df2af8eb42d56 -> 
  custom:audio-encoder-webm-vorbis: bf7c407c2cedff20999df2af8eb42d56 -> 
========================================================================
Received Import Request.
  path: Packages/com.luckyvr.custom_subpackage_b/package.json
  artifactKey: Guid(7f3154904adea924498e9c33f655550f) Importer(815301076,1909f56bfc062723c751e8b465ee728b)
Start importing Packages/com.luckyvr.custom_subpackage_b/package.json using Guid(7f3154904adea924498e9c33f655550f) Importer(815301076,1909f56bfc062723c751e8b465ee728b)  -> (artifact id: 'fadd4930a822b16936e2b5af8a35fdca') in 0.035299 seconds 
========================================================================
Received Import Request.
  Time since last request: 29.521027 seconds.
  path: Packages/com.luckyvr.custom_subpackage_b/Tests
  artifactKey: Guid(1058217ec4ab56340aa585d57ef1caa9) Importer(815301076,1909f56bfc062723c751e8b465ee728b)
Start importing Packages/com.luckyvr.custom_subpackage_b/Tests using Guid(1058217ec4ab56340aa585d57ef1caa9) Importer(815301076,1909f56bfc062723c751e8b465ee728b)  -> (artifact id: 'd75951db13d5487565b2a246c2b4fb1e') in 0.002699 seconds 
========================================================================
Received Import Request.
  Time since last request: 4.086340 seconds.
  path: Packages/com.luckyvr.custom_subpackage_b
  artifactKey: Guid(38d3c1f199cf9610f4833db6822094ad) Importer(815301076,1909f56bfc062723c751e8b465ee728b)
Start importing Packages/com.luckyvr.custom_subpackage_b using Guid(38d3c1f199cf9610f4833db6822094ad) Importer(815301076,1909f56bfc062723c751e8b465ee728b)  -> (artifact id: '39f73e0c7976aa677255633f37e11fa7') in 0.002406 seconds 
========================================================================
Received Import Request.
  Time since last request: 11.829857 seconds.
  path: Packages/com.luckyvr.custom_subpackage_b/TestSubB.asset
  artifactKey: Guid(86fcc72ec8642c24e91f8df744d76a2e) Importer(815301076,1909f56bfc062723c751e8b465ee728b)
Start importing Packages/com.luckyvr.custom_subpackage_b/TestSubB.asset using Guid(86fcc72ec8642c24e91f8df744d76a2e) Importer(815301076,1909f56bfc062723c751e8b465ee728b)  -> (artifact id: 'f5ea9e249e80643b772205b004ce258a') in 0.005003 seconds 
========================================================================
Received Import Request.
  Time since last request: 3802.858250 seconds.
  path: Packages/com.unity.ide.visualstudio
  artifactKey: Guid(9db636ca49aa246019dd93b7c8b689f4) Importer(815301076,1909f56bfc062723c751e8b465ee728b)
Start importing Packages/com.unity.ide.visualstudio using Guid(9db636ca49aa246019dd93b7c8b689f4) Importer(815301076,1909f56bfc062723c751e8b465ee728b)  -> (artifact id: '97ec95a5506f2bdeeee79941468489e5') in 0.003806 seconds 
========================================================================
Received Import Request.
  Time since last request: 15.935414 seconds.
  path: Packages/com.luckyvr.custom_subpackage_b/TestSubB 1.asset
  artifactKey: Guid(35353a79d34feef429a0fa04b31744c1) Importer(815301076,1909f56bfc062723c751e8b465ee728b)
Start importing Packages/com.luckyvr.custom_subpackage_b/TestSubB 1.asset using Guid(35353a79d34feef429a0fa04b31744c1) Importer(815301076,1909f56bfc062723c751e8b465ee728b)  -> (artifact id: 'e68e8e2cdb615d174629d7823d052e29') in 0.018766 seconds 
========================================================================
Received Import Request.
  Time since last request: 3.597671 seconds.
  path: Packages/com.luckyvr.custom_subpackage_b/TestSubB2.asset
  artifactKey: Guid(35353a79d34feef429a0fa04b31744c1) Importer(815301076,1909f56bfc062723c751e8b465ee728b)
Start importing Packages/com.luckyvr.custom_subpackage_b/TestSubB2.asset using Guid(35353a79d34feef429a0fa04b31744c1) Importer(815301076,1909f56bfc062723c751e8b465ee728b)  -> (artifact id: 'f799d761103cc7108b22380a1a7002d3') in 0.003102 seconds 
========================================================================
Received Import Request.
  Time since last request: 4.492340 seconds.
  path: Packages/com.luckyvr.custom_subpackage_b/package.json
  artifactKey: Guid(7f3154904adea924498e9c33f655550f) Importer(815301076,1909f56bfc062723c751e8b465ee728b)
Start importing Packages/com.luckyvr.custom_subpackage_b/package.json using Guid(7f3154904adea924498e9c33f655550f) Importer(815301076,1909f56bfc062723c751e8b465ee728b)  -> (artifact id: 'f85c8cf344e58a13f6d09abcb94aeb8a') in 0.003149 seconds 
========================================================================
Received Import Request.
  Time since last request: 12.125503 seconds.
  path: Packages/com.luckyvr.custom_subpackage_b/package.json
  artifactKey: Guid(7f3154904adea924498e9c33f655550f) Importer(815301076,1909f56bfc062723c751e8b465ee728b)
Start importing Packages/com.luckyvr.custom_subpackage_b/package.json using Guid(7f3154904adea924498e9c33f655550f) Importer(815301076,1909f56bfc062723c751e8b465ee728b)  -> (artifact id: 'ad9be8d115d65fddddc4904a9aff9428') in 0.001988 seconds 
AssetImportWorkerClient::OnTransportError - code=2 error=End of file
